<?xml version="1.0" encoding="UTF-8"?>
<testsuite name="challenge.SubmitTest" tests="6" skipped="0" failures="4" errors="0" timestamp="2019-01-20T20:14:57" hostname="Inspiron-3542" time="4.844">
  <properties/>
  <testcase name="q1" classname="challenge.SubmitTest" time="0.848"/>
  <testcase name="q2" classname="challenge.SubmitTest" time="0.86">
    <failure message="java.lang.AssertionError: expected:&lt;647&gt; but was:&lt;648&gt;" type="java.lang.AssertionError">java.lang.AssertionError: expected:&lt;647&gt; but was:&lt;648&gt;
	at org.junit.Assert.fail(Assert.java:88)
	at org.junit.Assert.failNotEquals(Assert.java:834)
	at org.junit.Assert.assertEquals(Assert.java:645)
	at org.junit.Assert.assertEquals(Assert.java:631)
	at challenge.SubmitTest.q2(SubmitTest.java:21)
	at sun.reflect.NativeMethodAccessorImpl.invoke0(Native Method)
	at sun.reflect.NativeMethodAccessorImpl.invoke(NativeMethodAccessorImpl.java:62)
	at sun.reflect.DelegatingMethodAccessorImpl.invoke(DelegatingMethodAccessorImpl.java:43)
	at java.lang.reflect.Method.invoke(Method.java:498)
	at org.junit.runners.model.FrameworkMethod$1.runReflectiveCall(FrameworkMethod.java:50)
	at org.junit.internal.runners.model.ReflectiveCallable.run(ReflectiveCallable.java:12)
	at org.junit.runners.model.FrameworkMethod.invokeExplosively(FrameworkMethod.java:47)
	at org.junit.internal.runners.statements.InvokeMethod.evaluate(InvokeMethod.java:17)
	at org.junit.runners.ParentRunner.runLeaf(ParentRunner.java:325)
	at org.junit.runners.BlockJUnit4ClassRunner.runChild(BlockJUnit4ClassRunner.java:78)
	at org.junit.runners.BlockJUnit4ClassRunner.runChild(BlockJUnit4ClassRunner.java:57)
	at org.junit.runners.ParentRunner$3.run(ParentRunner.java:290)
	at org.junit.runners.ParentRunner$1.schedule(ParentRunner.java:71)
	at org.junit.runners.ParentRunner.runChildren(ParentRunner.java:288)
	at org.junit.runners.ParentRunner.access$000(ParentRunner.java:58)
	at org.junit.runners.ParentRunner$2.evaluate(ParentRunner.java:268)
	at org.junit.runners.ParentRunner.run(ParentRunner.java:363)
	at org.gradle.api.internal.tasks.testing.junit.JUnitTestClassExecutor.runTestClass(JUnitTestClassExecutor.java:106)
	at org.gradle.api.internal.tasks.testing.junit.JUnitTestClassExecutor.execute(JUnitTestClassExecutor.java:58)
	at org.gradle.api.internal.tasks.testing.junit.JUnitTestClassExecutor.execute(JUnitTestClassExecutor.java:38)
	at org.gradle.api.internal.tasks.testing.junit.AbstractJUnitTestClassProcessor.processTestClass(AbstractJUnitTestClassProcessor.java:66)
	at org.gradle.api.internal.tasks.testing.SuiteTestClassProcessor.processTestClass(SuiteTestClassProcessor.java:51)
	at sun.reflect.NativeMethodAccessorImpl.invoke0(Native Method)
	at sun.reflect.NativeMethodAccessorImpl.invoke(NativeMethodAccessorImpl.java:62)
	at sun.reflect.DelegatingMethodAccessorImpl.invoke(DelegatingMethodAccessorImpl.java:43)
	at java.lang.reflect.Method.invoke(Method.java:498)
	at org.gradle.internal.dispatch.ReflectionDispatch.dispatch(ReflectionDispatch.java:35)
	at org.gradle.internal.dispatch.ReflectionDispatch.dispatch(ReflectionDispatch.java:24)
	at org.gradle.internal.dispatch.ContextClassLoaderDispatch.dispatch(ContextClassLoaderDispatch.java:32)
	at org.gradle.internal.dispatch.ProxyDispatchAdapter$DispatchingInvocationHandler.invoke(ProxyDispatchAdapter.java:93)
	at com.sun.proxy.$Proxy2.processTestClass(Unknown Source)
	at org.gradle.api.internal.tasks.testing.worker.TestWorker.processTestClass(TestWorker.java:117)
	at sun.reflect.NativeMethodAccessorImpl.invoke0(Native Method)
	at sun.reflect.NativeMethodAccessorImpl.invoke(NativeMethodAccessorImpl.java:62)
	at sun.reflect.DelegatingMethodAccessorImpl.invoke(DelegatingMethodAccessorImpl.java:43)
	at java.lang.reflect.Method.invoke(Method.java:498)
	at org.gradle.internal.dispatch.ReflectionDispatch.dispatch(ReflectionDispatch.java:35)
	at org.gradle.internal.dispatch.ReflectionDispatch.dispatch(ReflectionDispatch.java:24)
	at org.gradle.internal.remote.internal.hub.MessageHubBackedObjectConnection$DispatchWrapper.dispatch(MessageHubBackedObjectConnection.java:155)
	at org.gradle.internal.remote.internal.hub.MessageHubBackedObjectConnection$DispatchWrapper.dispatch(MessageHubBackedObjectConnection.java:137)
	at org.gradle.internal.remote.internal.hub.MessageHub$Handler.run(MessageHub.java:404)
	at org.gradle.internal.concurrent.ExecutorPolicy$CatchAndRecordFailures.onExecute(ExecutorPolicy.java:63)
	at org.gradle.internal.concurrent.ManagedExecutorImpl$1.run(ManagedExecutorImpl.java:46)
	at java.util.concurrent.ThreadPoolExecutor.runWorker(ThreadPoolExecutor.java:1149)
	at java.util.concurrent.ThreadPoolExecutor$Worker.run(ThreadPoolExecutor.java:624)
	at org.gradle.internal.concurrent.ThreadFactoryImpl$ManagedThreadRunnable.run(ThreadFactoryImpl.java:55)
	at java.lang.Thread.run(Thread.java:748)
</failure>
  </testcase>
  <testcase name="q3" classname="challenge.SubmitTest" time="0.71"/>
  <testcase name="q4" classname="challenge.SubmitTest" time="1.007">
    <failure message="java.lang.AssertionError: expected:&lt;[Neymar da Silva Santos Jr., Lionel Messi, Luis Suárez, C. Ronaldo dos Santos Aveiro, Eden Hazard, Toni Kroos, Kevin De Bruyne, Antoine Griezmann, Robert Lewandowski, Gareth Bale]&gt; but was:&lt;null&gt;" type="java.lang.AssertionError">java.lang.AssertionError: expected:&lt;[Neymar da Silva Santos Jr., Lionel Messi, Luis Suárez, C. Ronaldo dos Santos Aveiro, Eden Hazard, Toni Kroos, Kevin De Bruyne, Antoine Griezmann, Robert Lewandowski, Gareth Bale]&gt; but was:&lt;null&gt;
	at org.junit.Assert.fail(Assert.java:88)
	at org.junit.Assert.failNotEquals(Assert.java:834)
	at org.junit.Assert.assertEquals(Assert.java:118)
	at org.junit.Assert.assertEquals(Assert.java:144)
	at challenge.SubmitTest.q4(SubmitTest.java:65)
	at sun.reflect.NativeMethodAccessorImpl.invoke0(Native Method)
	at sun.reflect.NativeMethodAccessorImpl.invoke(NativeMethodAccessorImpl.java:62)
	at sun.reflect.DelegatingMethodAccessorImpl.invoke(DelegatingMethodAccessorImpl.java:43)
	at java.lang.reflect.Method.invoke(Method.java:498)
	at org.junit.runners.model.FrameworkMethod$1.runReflectiveCall(FrameworkMethod.java:50)
	at org.junit.internal.runners.model.ReflectiveCallable.run(ReflectiveCallable.java:12)
	at org.junit.runners.model.FrameworkMethod.invokeExplosively(FrameworkMethod.java:47)
	at org.junit.internal.runners.statements.InvokeMethod.evaluate(InvokeMethod.java:17)
	at org.junit.runners.ParentRunner.runLeaf(ParentRunner.java:325)
	at org.junit.runners.BlockJUnit4ClassRunner.runChild(BlockJUnit4ClassRunner.java:78)
	at org.junit.runners.BlockJUnit4ClassRunner.runChild(BlockJUnit4ClassRunner.java:57)
	at org.junit.runners.ParentRunner$3.run(ParentRunner.java:290)
	at org.junit.runners.ParentRunner$1.schedule(ParentRunner.java:71)
	at org.junit.runners.ParentRunner.runChildren(ParentRunner.java:288)
	at org.junit.runners.ParentRunner.access$000(ParentRunner.java:58)
	at org.junit.runners.ParentRunner$2.evaluate(ParentRunner.java:268)
	at org.junit.runners.ParentRunner.run(ParentRunner.java:363)
	at org.gradle.api.internal.tasks.testing.junit.JUnitTestClassExecutor.runTestClass(JUnitTestClassExecutor.java:106)
	at org.gradle.api.internal.tasks.testing.junit.JUnitTestClassExecutor.execute(JUnitTestClassExecutor.java:58)
	at org.gradle.api.internal.tasks.testing.junit.JUnitTestClassExecutor.execute(JUnitTestClassExecutor.java:38)
	at org.gradle.api.internal.tasks.testing.junit.AbstractJUnitTestClassProcessor.processTestClass(AbstractJUnitTestClassProcessor.java:66)
	at org.gradle.api.internal.tasks.testing.SuiteTestClassProcessor.processTestClass(SuiteTestClassProcessor.java:51)
	at sun.reflect.NativeMethodAccessorImpl.invoke0(Native Method)
	at sun.reflect.NativeMethodAccessorImpl.invoke(NativeMethodAccessorImpl.java:62)
	at sun.reflect.DelegatingMethodAccessorImpl.invoke(DelegatingMethodAccessorImpl.java:43)
	at java.lang.reflect.Method.invoke(Method.java:498)
	at org.gradle.internal.dispatch.ReflectionDispatch.dispatch(ReflectionDispatch.java:35)
	at org.gradle.internal.dispatch.ReflectionDispatch.dispatch(ReflectionDispatch.java:24)
	at org.gradle.internal.dispatch.ContextClassLoaderDispatch.dispatch(ContextClassLoaderDispatch.java:32)
	at org.gradle.internal.dispatch.ProxyDispatchAdapter$DispatchingInvocationHandler.invoke(ProxyDispatchAdapter.java:93)
	at com.sun.proxy.$Proxy2.processTestClass(Unknown Source)
	at org.gradle.api.internal.tasks.testing.worker.TestWorker.processTestClass(TestWorker.java:117)
	at sun.reflect.NativeMethodAccessorImpl.invoke0(Native Method)
	at sun.reflect.NativeMethodAccessorImpl.invoke(NativeMethodAccessorImpl.java:62)
	at sun.reflect.DelegatingMethodAccessorImpl.invoke(DelegatingMethodAccessorImpl.java:43)
	at java.lang.reflect.Method.invoke(Method.java:498)
	at org.gradle.internal.dispatch.ReflectionDispatch.dispatch(ReflectionDispatch.java:35)
	at org.gradle.internal.dispatch.ReflectionDispatch.dispatch(ReflectionDispatch.java:24)
	at org.gradle.internal.remote.internal.hub.MessageHubBackedObjectConnection$DispatchWrapper.dispatch(MessageHubBackedObjectConnection.java:155)
	at org.gradle.internal.remote.internal.hub.MessageHubBackedObjectConnection$DispatchWrapper.dispatch(MessageHubBackedObjectConnection.java:137)
	at org.gradle.internal.remote.internal.hub.MessageHub$Handler.run(MessageHub.java:404)
	at org.gradle.internal.concurrent.ExecutorPolicy$CatchAndRecordFailures.onExecute(ExecutorPolicy.java:63)
	at org.gradle.internal.concurrent.ManagedExecutorImpl$1.run(ManagedExecutorImpl.java:46)
	at java.util.concurrent.ThreadPoolExecutor.runWorker(ThreadPoolExecutor.java:1149)
	at java.util.concurrent.ThreadPoolExecutor$Worker.run(ThreadPoolExecutor.java:624)
	at org.gradle.internal.concurrent.ThreadFactoryImpl$ManagedThreadRunnable.run(ThreadFactoryImpl.java:55)
	at java.lang.Thread.run(Thread.java:748)
</failure>
  </testcase>
  <testcase name="q5" classname="challenge.SubmitTest" time="0.769">
    <failure message="java.lang.AssertionError: expected:&lt;[Barry Richardson, Essam El Hadary, Óscar Pérez, Jimmy Walker, Danny Coyne, Chris Day, Joaquim Manuel Sampaio Silva, Kjetil Wæhler, Timmy Simons, Benjamin Nivet]&gt; but was:&lt;null&gt;" type="java.lang.AssertionError">java.lang.AssertionError: expected:&lt;[Barry Richardson, Essam El Hadary, Óscar Pérez, Jimmy Walker, Danny Coyne, Chris Day, Joaquim Manuel Sampaio Silva, Kjetil Wæhler, Timmy Simons, Benjamin Nivet]&gt; but was:&lt;null&gt;
	at org.junit.Assert.fail(Assert.java:88)
	at org.junit.Assert.failNotEquals(Assert.java:834)
	at org.junit.Assert.assertEquals(Assert.java:118)
	at org.junit.Assert.assertEquals(Assert.java:144)
	at challenge.SubmitTest.q5(SubmitTest.java:82)
	at sun.reflect.NativeMethodAccessorImpl.invoke0(Native Method)
	at sun.reflect.NativeMethodAccessorImpl.invoke(NativeMethodAccessorImpl.java:62)
	at sun.reflect.DelegatingMethodAccessorImpl.invoke(DelegatingMethodAccessorImpl.java:43)
	at java.lang.reflect.Method.invoke(Method.java:498)
	at org.junit.runners.model.FrameworkMethod$1.runReflectiveCall(FrameworkMethod.java:50)
	at org.junit.internal.runners.model.ReflectiveCallable.run(ReflectiveCallable.java:12)
	at org.junit.runners.model.FrameworkMethod.invokeExplosively(FrameworkMethod.java:47)
	at org.junit.internal.runners.statements.InvokeMethod.evaluate(InvokeMethod.java:17)
	at org.junit.runners.ParentRunner.runLeaf(ParentRunner.java:325)
	at org.junit.runners.BlockJUnit4ClassRunner.runChild(BlockJUnit4ClassRunner.java:78)
	at org.junit.runners.BlockJUnit4ClassRunner.runChild(BlockJUnit4ClassRunner.java:57)
	at org.junit.runners.ParentRunner$3.run(ParentRunner.java:290)
	at org.junit.runners.ParentRunner$1.schedule(ParentRunner.java:71)
	at org.junit.runners.ParentRunner.runChildren(ParentRunner.java:288)
	at org.junit.runners.ParentRunner.access$000(ParentRunner.java:58)
	at org.junit.runners.ParentRunner$2.evaluate(ParentRunner.java:268)
	at org.junit.runners.ParentRunner.run(ParentRunner.java:363)
	at org.gradle.api.internal.tasks.testing.junit.JUnitTestClassExecutor.runTestClass(JUnitTestClassExecutor.java:106)
	at org.gradle.api.internal.tasks.testing.junit.JUnitTestClassExecutor.execute(JUnitTestClassExecutor.java:58)
	at org.gradle.api.internal.tasks.testing.junit.JUnitTestClassExecutor.execute(JUnitTestClassExecutor.java:38)
	at org.gradle.api.internal.tasks.testing.junit.AbstractJUnitTestClassProcessor.processTestClass(AbstractJUnitTestClassProcessor.java:66)
	at org.gradle.api.internal.tasks.testing.SuiteTestClassProcessor.processTestClass(SuiteTestClassProcessor.java:51)
	at sun.reflect.NativeMethodAccessorImpl.invoke0(Native Method)
	at sun.reflect.NativeMethodAccessorImpl.invoke(NativeMethodAccessorImpl.java:62)
	at sun.reflect.DelegatingMethodAccessorImpl.invoke(DelegatingMethodAccessorImpl.java:43)
	at java.lang.reflect.Method.invoke(Method.java:498)
	at org.gradle.internal.dispatch.ReflectionDispatch.dispatch(ReflectionDispatch.java:35)
	at org.gradle.internal.dispatch.ReflectionDispatch.dispatch(ReflectionDispatch.java:24)
	at org.gradle.internal.dispatch.ContextClassLoaderDispatch.dispatch(ContextClassLoaderDispatch.java:32)
	at org.gradle.internal.dispatch.ProxyDispatchAdapter$DispatchingInvocationHandler.invoke(ProxyDispatchAdapter.java:93)
	at com.sun.proxy.$Proxy2.processTestClass(Unknown Source)
	at org.gradle.api.internal.tasks.testing.worker.TestWorker.processTestClass(TestWorker.java:117)
	at sun.reflect.NativeMethodAccessorImpl.invoke0(Native Method)
	at sun.reflect.NativeMethodAccessorImpl.invoke(NativeMethodAccessorImpl.java:62)
	at sun.reflect.DelegatingMethodAccessorImpl.invoke(DelegatingMethodAccessorImpl.java:43)
	at java.lang.reflect.Method.invoke(Method.java:498)
	at org.gradle.internal.dispatch.ReflectionDispatch.dispatch(ReflectionDispatch.java:35)
	at org.gradle.internal.dispatch.ReflectionDispatch.dispatch(ReflectionDispatch.java:24)
	at org.gradle.internal.remote.internal.hub.MessageHubBackedObjectConnection$DispatchWrapper.dispatch(MessageHubBackedObjectConnection.java:155)
	at org.gradle.internal.remote.internal.hub.MessageHubBackedObjectConnection$DispatchWrapper.dispatch(MessageHubBackedObjectConnection.java:137)
	at org.gradle.internal.remote.internal.hub.MessageHub$Handler.run(MessageHub.java:404)
	at org.gradle.internal.concurrent.ExecutorPolicy$CatchAndRecordFailures.onExecute(ExecutorPolicy.java:63)
	at org.gradle.internal.concurrent.ManagedExecutorImpl$1.run(ManagedExecutorImpl.java:46)
	at java.util.concurrent.ThreadPoolExecutor.runWorker(ThreadPoolExecutor.java:1149)
	at java.util.concurrent.ThreadPoolExecutor$Worker.run(ThreadPoolExecutor.java:624)
	at org.gradle.internal.concurrent.ThreadFactoryImpl$ManagedThreadRunnable.run(ThreadFactoryImpl.java:55)
	at java.lang.Thread.run(Thread.java:748)
</failure>
  </testcase>
  <testcase name="q6" classname="challenge.SubmitTest" time="0.649">
    <failure message="java.lang.AssertionError: expected:&lt;{16=18, 17=270, 18=682, 19=1088, 20=1252, 21=1275, 22=1324, 23=1395, 24=1321, 25=1515, 26=1199, 27=1153, 28=1053, 29=1127, 30=807, 31=666, 32=506, 33=610, 34=271, 35=188, 36=137, 37=69, 38=38, 39=18, 40=4, 41=3, 43=2, 44=2, 47=1}&gt; but was:&lt;null&gt;" type="java.lang.AssertionError">java.lang.AssertionError: expected:&lt;{16=18, 17=270, 18=682, 19=1088, 20=1252, 21=1275, 22=1324, 23=1395, 24=1321, 25=1515, 26=1199, 27=1153, 28=1053, 29=1127, 30=807, 31=666, 32=506, 33=610, 34=271, 35=188, 36=137, 37=69, 38=38, 39=18, 40=4, 41=3, 43=2, 44=2, 47=1}&gt; but was:&lt;null&gt;
	at org.junit.Assert.fail(Assert.java:88)
	at org.junit.Assert.failNotEquals(Assert.java:834)
	at org.junit.Assert.assertEquals(Assert.java:118)
	at org.junit.Assert.assertEquals(Assert.java:144)
	at challenge.SubmitTest.q6(SubmitTest.java:118)
	at sun.reflect.NativeMethodAccessorImpl.invoke0(Native Method)
	at sun.reflect.NativeMethodAccessorImpl.invoke(NativeMethodAccessorImpl.java:62)
	at sun.reflect.DelegatingMethodAccessorImpl.invoke(DelegatingMethodAccessorImpl.java:43)
	at java.lang.reflect.Method.invoke(Method.java:498)
	at org.junit.runners.model.FrameworkMethod$1.runReflectiveCall(FrameworkMethod.java:50)
	at org.junit.internal.runners.model.ReflectiveCallable.run(ReflectiveCallable.java:12)
	at org.junit.runners.model.FrameworkMethod.invokeExplosively(FrameworkMethod.java:47)
	at org.junit.internal.runners.statements.InvokeMethod.evaluate(InvokeMethod.java:17)
	at org.junit.runners.ParentRunner.runLeaf(ParentRunner.java:325)
	at org.junit.runners.BlockJUnit4ClassRunner.runChild(BlockJUnit4ClassRunner.java:78)
	at org.junit.runners.BlockJUnit4ClassRunner.runChild(BlockJUnit4ClassRunner.java:57)
	at org.junit.runners.ParentRunner$3.run(ParentRunner.java:290)
	at org.junit.runners.ParentRunner$1.schedule(ParentRunner.java:71)
	at org.junit.runners.ParentRunner.runChildren(ParentRunner.java:288)
	at org.junit.runners.ParentRunner.access$000(ParentRunner.java:58)
	at org.junit.runners.ParentRunner$2.evaluate(ParentRunner.java:268)
	at org.junit.runners.ParentRunner.run(ParentRunner.java:363)
	at org.gradle.api.internal.tasks.testing.junit.JUnitTestClassExecutor.runTestClass(JUnitTestClassExecutor.java:106)
	at org.gradle.api.internal.tasks.testing.junit.JUnitTestClassExecutor.execute(JUnitTestClassExecutor.java:58)
	at org.gradle.api.internal.tasks.testing.junit.JUnitTestClassExecutor.execute(JUnitTestClassExecutor.java:38)
	at org.gradle.api.internal.tasks.testing.junit.AbstractJUnitTestClassProcessor.processTestClass(AbstractJUnitTestClassProcessor.java:66)
	at org.gradle.api.internal.tasks.testing.SuiteTestClassProcessor.processTestClass(SuiteTestClassProcessor.java:51)
	at sun.reflect.NativeMethodAccessorImpl.invoke0(Native Method)
	at sun.reflect.NativeMethodAccessorImpl.invoke(NativeMethodAccessorImpl.java:62)
	at sun.reflect.DelegatingMethodAccessorImpl.invoke(DelegatingMethodAccessorImpl.java:43)
	at java.lang.reflect.Method.invoke(Method.java:498)
	at org.gradle.internal.dispatch.ReflectionDispatch.dispatch(ReflectionDispatch.java:35)
	at org.gradle.internal.dispatch.ReflectionDispatch.dispatch(ReflectionDispatch.java:24)
	at org.gradle.internal.dispatch.ContextClassLoaderDispatch.dispatch(ContextClassLoaderDispatch.java:32)
	at org.gradle.internal.dispatch.ProxyDispatchAdapter$DispatchingInvocationHandler.invoke(ProxyDispatchAdapter.java:93)
	at com.sun.proxy.$Proxy2.processTestClass(Unknown Source)
	at org.gradle.api.internal.tasks.testing.worker.TestWorker.processTestClass(TestWorker.java:117)
	at sun.reflect.NativeMethodAccessorImpl.invoke0(Native Method)
	at sun.reflect.NativeMethodAccessorImpl.invoke(NativeMethodAccessorImpl.java:62)
	at sun.reflect.DelegatingMethodAccessorImpl.invoke(DelegatingMethodAccessorImpl.java:43)
	at java.lang.reflect.Method.invoke(Method.java:498)
	at org.gradle.internal.dispatch.ReflectionDispatch.dispatch(ReflectionDispatch.java:35)
	at org.gradle.internal.dispatch.ReflectionDispatch.dispatch(ReflectionDispatch.java:24)
	at org.gradle.internal.remote.internal.hub.MessageHubBackedObjectConnection$DispatchWrapper.dispatch(MessageHubBackedObjectConnection.java:155)
	at org.gradle.internal.remote.internal.hub.MessageHubBackedObjectConnection$DispatchWrapper.dispatch(MessageHubBackedObjectConnection.java:137)
	at org.gradle.internal.remote.internal.hub.MessageHub$Handler.run(MessageHub.java:404)
	at org.gradle.internal.concurrent.ExecutorPolicy$CatchAndRecordFailures.onExecute(ExecutorPolicy.java:63)
	at org.gradle.internal.concurrent.ManagedExecutorImpl$1.run(ManagedExecutorImpl.java:46)
	at java.util.concurrent.ThreadPoolExecutor.runWorker(ThreadPoolExecutor.java:1149)
	at java.util.concurrent.ThreadPoolExecutor$Worker.run(ThreadPoolExecutor.java:624)
	at org.gradle.internal.concurrent.ThreadFactoryImpl$ManagedThreadRunnable.run(ThreadFactoryImpl.java:55)
	at java.lang.Thread.run(Thread.java:748)
</failure>
  </testcase>
  <system-out><![CDATA[565000.0
565000.0
280000.0
510000.0
230000.0
355000.0
215000.0
295000.0
340000.0
275000.0
310000.0
285000.0
190000.0
265000.0
340000.0
370000.0
325000.0
225000.0
110000.0
215000.0
82000.0
150000.0
225000.0
165000.0
210000.0
215000.0
125000.0
215000.0
265000.0
165000.0
175000.0
240000.0
225000.0
190000.0
130000.0
195000.0
165000.0
160000.0
160000.0
250000.0
130000.0
275000.0
220000.0
91000.0
240000.0
260000.0
165000.0
250000.0
250000.0
150000.0
210000.0
175000.0
190000.0
250000.0
205000.0
120000.0
165000.0
190000.0
235000.0
130000.0
165000.0
135000.0
110000.0
115000.0
295000.0
210000.0
175000.0
94000.0
92000.0
77000.0
175000.0
170000.0
195000.0
115000.0
84000.0
180000.0
165000.0
195000.0
46000.0
61000.0
155000.0
60000.0
215000.0
190000.0
160000.0
145000.0
160000.0
160000.0
130000.0
145000.0
49000.0
81000.0
170000.0
105000.0
150000.0
175000.0
165000.0
36000.0
115000.0
175000.0
195000.0
120000.0
105000.0
96000.0
39000.0
96000.0
145000.0
190000.0
180000.0
105000.0
200000.0
69000.0
59000.0
110000.0
115000.0
200000.0
160000.0
54000.0
46000.0
195000.0
145000.0
68000.0
150000.0
160000.0
115000.0
60000.0
38000.0
31000.0
150000.0
68000.0
53000.0
28000.0
37000.0
70000.0
78000.0
87000.0
46000.0
37000.0
135000.0
58000.0
75000.0
75000.0
21000.0
135000.0
88000.0
89000.0
135000.0
18000.0
68000.0
60000.0
56000.0
28000.0
110000.0
115000.0
39000.0
70000.0
140000.0
100000.0
45000.0
75000.0
115000.0
28000.0
130000.0
0.0
25000.0
105000.0
66000.0
87000.0
0.0
15000.0
70000.0
135000.0
135000.0
50000.0
27000.0
19000.0
39000.0
46000.0
115000.0
21000.0
66000.0
40000.0
130000.0
65000.0
115000.0
80000.0
46000.0
105000.0
19000.0
130000.0
155000.0
47000.0
47000.0
73000.0
59000.0
67000.0
145000.0
10000.0
35000.0
125000.0
105000.0
98000.0
70000.0
45000.0
46000.0
47000.0
110000.0
68000.0
150000.0
115000.0
76000.0
185000.0
59000.0
20000.0
125000.0
27000.0
150000.0
16000.0
43000.0
105000.0
40000.0
62000.0
37000.0
85000.0
73000.0
110000.0
67000.0
140000.0
110000.0
165000.0
85000.0
130000.0
92000.0
95000.0
68000.0
110000.0
31000.0
19000.0
42000.0
78000.0
37000.0
64000.0
43000.0
85000.0
130000.0
115000.0
115000.0
85000.0
99000.0
1000.0
1000.0
56000.0
51000.0
130000.0
90000.0
130000.0
21000.0
125000.0
115000.0
47000.0
30000.0
18000.0
57000.0
54000.0
130000.0
73000.0
140000.0
73000.0
135000.0
35000.0
64000.0
0.0
73000.0
110000.0
64000.0
48000.0
140000.0
99000.0
46000.0
37000.0
72000.0
29000.0
115000.0
115000.0
52000.0
48000.0
46000.0
73000.0
110000.0
85000.0
62000.0
54000.0
170000.0
130000.0
12000.0
115000.0
30000.0
74000.0
115000.0
125000.0
20000.0
47000.0
46000.0
70000.0
92000.0
50000.0
64000.0
31000.0
26000.0
86000.0
81000.0
63000.0
62000.0
77000.0
58000.0
89000.0
16000.0
91000.0
71000.0
91000.0
50000.0
44000.0
77000.0
57000.0
140000.0
145000.0
125000.0
140000.0
26000.0
135000.0
105000.0
45000.0
60000.0
61000.0
79000.0
21000.0
81000.0
73000.0
110000.0
71000.0
52000.0
83000.0
17000.0
38000.0
115000.0
63000.0
28000.0
37000.0
31000.0
120000.0
115000.0
105000.0
95000.0
65000.0
32000.0
66000.0
165000.0
84000.0
80000.0
84000.0
60000.0
44000.0
63000.0
35000.0
48000.0
115000.0
23000.0
24000.0
80000.0
91000.0
68000.0
125000.0
32000.0
32000.0
73000.0
29000.0
51000.0
88000.0
39000.0
84000.0
62000.0
27000.0
1000.0
13000.0
34000.0
46000.0
120000.0
110000.0
81000.0
68000.0
22000.0
52000.0
35000.0
35000.0
60000.0
42000.0
45000.0
15000.0
49000.0
40000.0
88000.0
34000.0
36000.0
64000.0
15000.0
12000.0
1000.0
42000.0
105000.0
39000.0
91000.0
64000.0
20000.0
41000.0
1000.0
74000.0
36000.0
38000.0
140000.0
120000.0
57000.0
54000.0
22000.0
71000.0
44000.0
42000.0
69000.0
68000.0
42000.0
59000.0
74000.0
32000.0
98000.0
26000.0
23000.0
105000.0
66000.0
54000.0
1000.0
115000.0
31000.0
30000.0
29000.0
73000.0
42000.0
66000.0
71000.0
54000.0
69000.0
40000.0
40000.0
80000.0
68000.0
17000.0
120000.0
71000.0
120000.0
61000.0
33000.0
89000.0
23000.0
63000.0
110000.0
57000.0
24000.0
59000.0
130000.0
37000.0
33000.0
120000.0
32000.0
75000.0
48000.0
29000.0
17000.0
80000.0
120000.0
110000.0
59000.0
62000.0
0.0
14000.0
25000.0
29000.0
41000.0
18000.0
71000.0
97000.0
74000.0
67000.0
33000.0
13000.0
96000.0
86000.0
0.0
16000.0
50000.0
54000.0
29000.0
96000.0
125000.0
60000.0
60000.0
41000.0
23000.0
38000.0
54000.0
50000.0
13000.0
34000.0
30000.0
48000.0
40000.0
44000.0
10000.0
110000.0
56000.0
73000.0
21000.0
59000.0
110000.0
87000.0
8000.0
86000.0
11000.0
33000.0
21000.0
23000.0
31000.0
22000.0
105000.0
26000.0
19000.0
52000.0
110000.0
64000.0
64000.0
23000.0
81000.0
40000.0
37000.0
29000.0
15000.0
25000.0
38000.0
31000.0
90000.0
64000.0
23000.0
58000.0
31000.0
83000.0
17000.0
92000.0
65000.0
60000.0
63000.0
81000.0
91000.0
79000.0
35000.0
1000.0
54000.0
71000.0
81000.0
57000.0
33000.0
96000.0
42000.0
80000.0
105000.0
64000.0
71000.0
78000.0
47000.0
43000.0
63000.0
64000.0
37000.0
38000.0
82000.0
68000.0
6000.0
35000.0
53000.0
125000.0
150000.0
30000.0
32000.0
25000.0
33000.0
82000.0
26000.0
71000.0
98000.0
46000.0
75000.0
63000.0
80000.0
31000.0
39000.0
40000.0
22000.0
69000.0
22000.0
42000.0
17000.0
58000.0
37000.0
27000.0
31000.0
92000.0
31000.0
42000.0
110000.0
59000.0
34000.0
28000.0
26000.0
74000.0
71000.0
57000.0
38000.0
27000.0
125000.0
68000.0
65000.0
77000.0
40000.0
52000.0
39000.0
78000.0
105000.0
28000.0
69000.0
25000.0
68000.0
29000.0
48000.0
63000.0
67000.0
48000.0
82000.0
140000.0
52000.0
110000.0
91000.0
105000.0
54000.0
40000.0
68000.0
115000.0
44000.0
37000.0
13000.0
99000.0
63000.0
0.0
78000.0
78000.0
41000.0
24000.0
69000.0
34000.0
22000.0
54000.0
35000.0
24000.0
37000.0
77000.0
19000.0
11000.0
37000.0
42000.0
50000.0
74000.0
37000.0
67000.0
1000.0
99000.0
18000.0
59000.0
24000.0
74000.0
32000.0
33000.0
28000.0
25000.0
12000.0
24000.0
1000.0
53000.0
26000.0
43000.0
77000.0
10000.0
21000.0
31000.0
43000.0
8000.0
28000.0
23000.0
24000.0
49000.0
13000.0
26000.0
26000.0
48000.0
105000.0
17000.0
14000.0
19000.0
59000.0
23000.0
18000.0
50000.0
23000.0
27000.0
13000.0
53000.0
28000.0
21000.0
22000.0
50000.0
67000.0
29000.0
13000.0
48000.0
18000.0
30000.0
92000.0
25000.0
15000.0
16000.0
16000.0
27000.0
11000.0
23000.0
22000.0
29000.0
62000.0
53000.0
41000.0
11000.0
33000.0
86000.0
14000.0
45000.0
18000.0
10000.0
30000.0
95000.0
25000.0
35000.0
22000.0
30000.0
22000.0
68000.0
25000.0
53000.0
86000.0
16000.0
30000.0
17000.0
84000.0
1000.0
19000.0
47000.0
33000.0
17000.0
36000.0
33000.0
30000.0
54000.0
53000.0
64000.0
39000.0
28000.0
48000.0
20000.0
64000.0
23000.0
1000.0
45000.0
29000.0
11000.0
22000.0
68000.0
40000.0
50000.0
89000.0
16000.0
95000.0
17000.0
54000.0
43000.0
30000.0
24000.0
36000.0
63000.0
11000.0
42000.0
52000.0
25000.0
6000.0
85000.0
65000.0
55000.0
14000.0
24000.0
46000.0
30000.0
56000.0
42000.0
67000.0
42000.0
28000.0
28000.0
24000.0
49000.0
26000.0
100000.0
26000.0
53000.0
57000.0
50000.0
30000.0
63000.0
30000.0
24000.0
105000.0
32000.0
20000.0
57000.0
50000.0
23000.0
26000.0
48000.0
51000.0
1000.0
70000.0
56000.0
44000.0
89000.0
68000.0
38000.0
76000.0
36000.0
62000.0
56000.0
40000.0
30000.0
84000.0
34000.0
41000.0
65000.0
0.0
15000.0
105000.0
53000.0
40000.0
67000.0
33000.0
71000.0
26000.0
15000.0
28000.0
33000.0
26000.0
32000.0
80000.0
26000.0
48000.0
15000.0
1000.0
17000.0
32000.0
60000.0
12000.0
60000.0
23000.0
28000.0
38000.0
24000.0
14000.0
10000.0
47000.0
11000.0
10000.0
0.0
33000.0
30000.0
19000.0
53000.0
27000.0
33000.0
68000.0
24000.0
10000.0
13000.0
22000.0
28000.0
29000.0
29000.0
19000.0
71000.0
64000.0
23000.0
26000.0
21000.0
0.0
18000.0
1000.0
70000.0
24000.0
23000.0
11000.0
48000.0
44000.0
30000.0
30000.0
64000.0
30000.0
31000.0
24000.0
66000.0
35000.0
15000.0
40000.0
15000.0
50000.0
24000.0
30000.0
39000.0
27000.0
27000.0
32000.0
19000.0
15000.0
22000.0
56000.0
52000.0
35000.0
22000.0
54000.0
65000.0
56000.0
48000.0
59000.0
38000.0
59000.0
19000.0
59000.0
1000.0
23000.0
37000.0
6000.0
43000.0
32000.0
51000.0
30000.0
76000.0
25000.0
74000.0
33000.0
28000.0
68000.0
46000.0
56000.0
17000.0
20000.0
11000.0
56000.0
17000.0
26000.0
59000.0
28000.0
88000.0
24000.0
11000.0
68000.0
13000.0
26000.0
27000.0
97000.0
41000.0
29000.0
0.0
69000.0
43000.0
14000.0
34000.0
56000.0
8000.0
73000.0
31000.0
8000.0
9000.0
32000.0
52000.0
63000.0
27000.0
68000.0
63000.0
59000.0
36000.0
14000.0
19000.0
24000.0
65000.0
32000.0
56000.0
67000.0
41000.0
21000.0
32000.0
55000.0
9000.0
35000.0
40000.0
9000.0
29000.0
30000.0
36000.0
15000.0
26000.0
49000.0
105000.0
6000.0
12000.0
39000.0
52000.0
20000.0
79000.0
32000.0
56000.0
27000.0
67000.0
43000.0
11000.0
48000.0
26000.0
35000.0
30000.0
28000.0
33000.0
5000.0
16000.0
62000.0
1000.0
33000.0
50000.0
84000.0
110000.0
13000.0
47000.0
50000.0
59000.0
24000.0
46000.0
24000.0
90000.0
68000.0
16000.0
10000.0
68000.0
15000.0
36000.0
52000.0
21000.0
1000.0
72000.0
41000.0
38000.0
35000.0
26000.0
33000.0
66000.0
17000.0
43000.0
56000.0
81000.0
27000.0
23000.0
37000.0
31000.0
48000.0
28000.0
66000.0
65000.0
31000.0
24000.0
10000.0
33000.0
69000.0
88000.0
12000.0
33000.0
27000.0
24000.0
68000.0
48000.0
125000.0
92000.0
30000.0
9000.0
25000.0
97000.0
15000.0
61000.0
63000.0
12000.0
62000.0
39000.0
55000.0
83000.0
43000.0
38000.0
32000.0
7000.0
31000.0
26000.0
26000.0
50000.0
23000.0
46000.0
54000.0
58000.0
61000.0
59000.0
21000.0
27000.0
43000.0
45000.0
20000.0
11000.0
77000.0
43000.0
28000.0
39000.0
45000.0
28000.0
17000.0
25000.0
80000.0
29000.0
79000.0
30000.0
37000.0
68000.0
67000.0
25000.0
29000.0
20000.0
20000.0
54000.0
28000.0
38000.0
53000.0
32000.0
17000.0
47000.0
15000.0
80000.0
27000.0
10000.0
14000.0
66000.0
28000.0
68000.0
23000.0
88000.0
61000.0
27000.0
14000.0
38000.0
53000.0
10000.0
49000.0
34000.0
35000.0
72000.0
24000.0
60000.0
52000.0
53000.0
19000.0
11000.0
85000.0
65000.0
34000.0
47000.0
16000.0
17000.0
22000.0
7000.0
30000.0
19000.0
41000.0
13000.0
7000.0
8000.0
27000.0
1000.0
13000.0
45000.0
12000.0
29000.0
8000.0
35000.0
38000.0
92000.0
38000.0
35000.0
48000.0
25000.0
50000.0
28000.0
54000.0
33000.0
41000.0
1000.0
58000.0
68000.0
24000.0
66000.0
9000.0
28000.0
63000.0
45000.0
66000.0
14000.0
60000.0
89000.0
25000.0
18000.0
1000.0
56000.0
28000.0
0.0
52000.0
56000.0
12000.0
8000.0
83000.0
54000.0
48000.0
62000.0
13000.0
62000.0
15000.0
33000.0
15000.0
0.0
12000.0
45000.0
43000.0
21000.0
63000.0
42000.0
16000.0
59000.0
35000.0
15000.0
11000.0
59000.0
14000.0
76000.0
73000.0
25000.0
13000.0
29000.0
1000.0
23000.0
35000.0
23000.0
31000.0
48000.0
68000.0
23000.0
9000.0
28000.0
22000.0
26000.0
13000.0
38000.0
25000.0
29000.0
28000.0
13000.0
1000.0
32000.0
29000.0
30000.0
11000.0
12000.0
32000.0
33000.0
29000.0
18000.0
34000.0
52000.0
11000.0
29000.0
63000.0
34000.0
45000.0
22000.0
34000.0
48000.0
56000.0
24000.0
22000.0
18000.0
16000.0
23000.0
34000.0
54000.0
45000.0
14000.0
18000.0
8000.0
63000.0
18000.0
17000.0
54000.0
23000.0
22000.0
83000.0
11000.0
38000.0
1000.0
56000.0
49000.0
51000.0
39000.0
9000.0
11000.0
43000.0
96000.0
31000.0
11000.0
28000.0
25000.0
11000.0
12000.0
21000.0
27000.0
22000.0
59000.0
49000.0
23000.0
38000.0
37000.0
16000.0
53000.0
50000.0
30000.0
29000.0
16000.0
66000.0
19000.0
18000.0
30000.0
26000.0
0.0
59000.0
36000.0
26000.0
30000.0
71000.0
38000.0
37000.0
9000.0
18000.0
21000.0
37000.0
35000.0
21000.0
52000.0
22000.0
60000.0
26000.0
1000.0
35000.0
81000.0
50000.0
29000.0
70000.0
13000.0
29000.0
30000.0
15000.0
13000.0
28000.0
13000.0
32000.0
41000.0
23000.0
22000.0
25000.0
25000.0
36000.0
29000.0
34000.0
18000.0
45000.0
33000.0
23000.0
80000.0
35000.0
25000.0
35000.0
20000.0
41000.0
47000.0
25000.0
59000.0
63000.0
23000.0
31000.0
25000.0
65000.0
59000.0
55000.0
84000.0
53000.0
14000.0
17000.0
50000.0
53000.0
21000.0
27000.0
51000.0
1000.0
16000.0
26000.0
21000.0
34000.0
16000.0
24000.0
14000.0
24000.0
21000.0
25000.0
58000.0
83000.0
13000.0
10000.0
23000.0
12000.0
14000.0
28000.0
33000.0
22000.0
30000.0
1000.0
28000.0
35000.0
38000.0
31000.0
21000.0
25000.0
31000.0
59000.0
35000.0
19000.0
6000.0
9000.0
28000.0
38000.0
47000.0
32000.0
45000.0
12000.0
80000.0
13000.0
55000.0
61000.0
40000.0
17000.0
59000.0
1000.0
9000.0
16000.0
12000.0
8000.0
55000.0
12000.0
54000.0
23000.0
15000.0
15000.0
46000.0
33000.0
30000.0
21000.0
89000.0
13000.0
10000.0
39000.0
23000.0
14000.0
53000.0
26000.0
15000.0
36000.0
34000.0
19000.0
29000.0
13000.0
26000.0
13000.0
63000.0
0.0
73000.0
16000.0
16000.0
26000.0
7000.0
23000.0
25000.0
25000.0
11000.0
30000.0
59000.0
54000.0
28000.0
55000.0
25000.0
21000.0
41000.0
11000.0
46000.0
28000.0
42000.0
29000.0
16000.0
24000.0
43000.0
35000.0
28000.0
17000.0
1000.0
43000.0
120000.0
11000.0
76000.0
22000.0
29000.0
59000.0
40000.0
14000.0
23000.0
23000.0
22000.0
13000.0
56000.0
22000.0
33000.0
18000.0
11000.0
0.0
17000.0
31000.0
21000.0
34000.0
60000.0
25000.0
11000.0
25000.0
20000.0
24000.0
35000.0
27000.0
3000.0
11000.0
51000.0
7000.0
11000.0
34000.0
83000.0
13000.0
28000.0
40000.0
21000.0
12000.0
44000.0
25000.0
29000.0
44000.0
33000.0
12000.0
12000.0
23000.0
8000.0
58000.0
21000.0
29000.0
28000.0
46000.0
1000.0
25000.0
22000.0
21000.0
64000.0
15000.0
50000.0
7000.0
24000.0
20000.0
17000.0
10000.0
57000.0
50000.0
33000.0
17000.0
38000.0
25000.0
44000.0
25000.0
63000.0
0.0
18000.0
46000.0
79000.0
14000.0
53000.0
22000.0
31000.0
40000.0
28000.0
11000.0
22000.0
27000.0
7000.0
1000.0
21000.0
22000.0
18000.0
0.0
30000.0
6000.0
23000.0
18000.0
27000.0
52000.0
29000.0
27000.0
4000.0
5000.0
42000.0
28000.0
15000.0
8000.0
9000.0
21000.0
19000.0
41000.0
11000.0
9000.0
44000.0
9000.0
64000.0
38000.0
18000.0
59000.0
11000.0
20000.0
8000.0
16000.0
26000.0
11000.0
24000.0
18000.0
10000.0
18000.0
25000.0
14000.0
10000.0
31000.0
25000.0
8000.0
47000.0
42000.0
27000.0
27000.0
61000.0
38000.0
42000.0
18000.0
1000.0
19000.0
18000.0
46000.0
84000.0
26000.0
20000.0
26000.0
31000.0
1000.0
20000.0
44000.0
58000.0
24000.0
29000.0
22000.0
23000.0
21000.0
57000.0
12000.0
18000.0
48000.0
17000.0
15000.0
44000.0
46000.0
37000.0
36000.0
11000.0
8000.0
55000.0
1000.0
44000.0
24000.0
1000.0
1000.0
20000.0
32000.0
95000.0
28000.0
36000.0
10000.0
1000.0
16000.0
9000.0
64000.0
11000.0
37000.0
60000.0
21000.0
5000.0
10000.0
1000.0
63000.0
7000.0
20000.0
44000.0
1000.0
45000.0
49000.0
28000.0
62000.0
7000.0
22000.0
18000.0
28000.0
18000.0
6000.0
15000.0
52000.0
44000.0
8000.0
22000.0
13000.0
36000.0
10000.0
52000.0
10000.0
58000.0
6000.0
8000.0
0.0
25000.0
28000.0
17000.0
44000.0
27000.0
4000.0
50000.0
22000.0
14000.0
51000.0
60000.0
35000.0
9000.0
20000.0
22000.0
0.0
1000.0
18000.0
52000.0
13000.0
26000.0
41000.0
33000.0
0.0
57000.0
26000.0
1000.0
25000.0
18000.0
54000.0
42000.0
19000.0
55000.0
5000.0
39000.0
15000.0
38000.0
44000.0
1000.0
49000.0
9000.0
40000.0
19000.0
52000.0
18000.0
14000.0
26000.0
23000.0
26000.0
7000.0
46000.0
45000.0
32000.0
9000.0
11000.0
0.0
18000.0
55000.0
5000.0
30000.0
24000.0
20000.0
28000.0
1000.0
47000.0
12000.0
32000.0
5000.0
20000.0
63000.0
36000.0
10000.0
53000.0
22000.0
8000.0
19000.0
4000.0
42000.0
55000.0
44000.0
64000.0
29000.0
47000.0
51000.0
22000.0
19000.0
19000.0
23000.0
0.0
17000.0
18000.0
46000.0
13000.0
23000.0
41000.0
47000.0
38000.0
9000.0
20000.0
7000.0
51000.0
7000.0
46000.0
14000.0
23000.0
31000.0
44000.0
31000.0
31000.0
21000.0
20000.0
42000.0
30000.0
1000.0
15000.0
8000.0
50000.0
25000.0
33000.0
31000.0
21000.0
23000.0
26000.0
14000.0
9000.0
1000.0
34000.0
13000.0
16000.0
30000.0
15000.0
28000.0
40000.0
53000.0
18000.0
8000.0
51000.0
45000.0
1000.0
44000.0
57000.0
23000.0
10000.0
64000.0
8000.0
16000.0
16000.0
11000.0
8000.0
29000.0
5000.0
13000.0
28000.0
52000.0
7000.0
30000.0
88000.0
47000.0
14000.0
51000.0
21000.0
14000.0
36000.0
42000.0
22000.0
34000.0
40000.0
23000.0
30000.0
24000.0
19000.0
13000.0
33000.0
8000.0
7000.0
18000.0
21000.0
56000.0
36000.0
50000.0
24000.0
21000.0
9000.0
16000.0
52000.0
23000.0
55000.0
18000.0
28000.0
8000.0
8000.0
40000.0
44000.0
46000.0
38000.0
21000.0
13000.0
0.0
54000.0
14000.0
22000.0
12000.0
6000.0
25000.0
24000.0
1000.0
20000.0
5000.0
11000.0
18000.0
36000.0
1000.0
9000.0
18000.0
21000.0
8000.0
8000.0
32000.0
52000.0
6000.0
19000.0
17000.0
46000.0
35000.0
13000.0
52000.0
1000.0
15000.0
13000.0
15000.0
44000.0
23000.0
12000.0
12000.0
20000.0
36000.0
36000.0
20000.0
21000.0
21000.0
18000.0
1000.0
9000.0
42000.0
16000.0
14000.0
31000.0
1000.0
18000.0
26000.0
21000.0
16000.0
12000.0
18000.0
25000.0
13000.0
37000.0
38000.0
13000.0
18000.0
16000.0
12000.0
34000.0
18000.0
35000.0
20000.0
21000.0
6000.0
15000.0
5000.0
22000.0
18000.0
33000.0
18000.0
34000.0
12000.0
9000.0
24000.0
52000.0
1000.0
72000.0
15000.0
13000.0
43000.0
17000.0
36000.0
44000.0
16000.0
30000.0
53000.0
11000.0
10000.0
9000.0
11000.0
30000.0
7000.0
25000.0
50000.0
50000.0
13000.0
10000.0
13000.0
46000.0
72000.0
15000.0
14000.0
10000.0
19000.0
20000.0
15000.0
21000.0
8000.0
32000.0
14000.0
38000.0
32000.0
44000.0
21000.0
11000.0
36000.0
34000.0
50000.0
7000.0
22000.0
19000.0
27000.0
40000.0
8000.0
10000.0
21000.0
19000.0
31000.0
14000.0
22000.0
21000.0
44000.0
50000.0
42000.0
11000.0
26000.0
75000.0
18000.0
26000.0
13000.0
18000.0
43000.0
9000.0
22000.0
30000.0
33000.0
8000.0
12000.0
12000.0
50000.0
28000.0
14000.0
27000.0
38000.0
21000.0
11000.0
18000.0
20000.0
47000.0
11000.0
28000.0
5000.0
35000.0
4000.0
10000.0
42000.0
1000.0
13000.0
14000.0
25000.0
15000.0
15000.0
17000.0
26000.0
5000.0
28000.0
19000.0
8000.0
23000.0
22000.0
23000.0
28000.0
25000.0
9000.0
53000.0
23000.0
29000.0
12000.0
9000.0
21000.0
11000.0
7000.0
24000.0
8000.0
39000.0
47000.0
11000.0
29000.0
17000.0
57000.0
8000.0
13000.0
15000.0
46000.0
9000.0
12000.0
21000.0
6000.0
23000.0
17000.0
31000.0
19000.0
30000.0
13000.0
10000.0
32000.0
22000.0
5000.0
25000.0
22000.0
13000.0
14000.0
16000.0
45000.0
32000.0
23000.0
19000.0
9000.0
52000.0
6000.0
17000.0
21000.0
15000.0
60000.0
34000.0
0.0
42000.0
21000.0
16000.0
0.0
25000.0
17000.0
11000.0
60000.0
31000.0
33000.0
22000.0
12000.0
1000.0
38000.0
27000.0
15000.0
14000.0
34000.0
11000.0
11000.0
2000.0
11000.0
9000.0
17000.0
20000.0
24000.0
22000.0
24000.0
10000.0
18000.0
28000.0
34000.0
24000.0
27000.0
9000.0
37000.0
36000.0
20000.0
7000.0
12000.0
1000.0
22000.0
3000.0
34000.0
31000.0
6000.0
12000.0
25000.0
36000.0
6000.0
15000.0
32000.0
24000.0
13000.0
24000.0
38000.0
33000.0
38000.0
22000.0
5000.0
16000.0
8000.0
29000.0
21000.0
9000.0
1000.0
10000.0
36000.0
22000.0
7000.0
18000.0
29000.0
33000.0
18000.0
11000.0
23000.0
32000.0
23000.0
25000.0
44000.0
8000.0
12000.0
36000.0
11000.0
37000.0
18000.0
23000.0
19000.0
18000.0
10000.0
25000.0
17000.0
20000.0
19000.0
20000.0
9000.0
25000.0
22000.0
35000.0
38000.0
12000.0
13000.0
9000.0
17000.0
0.0
20000.0
24000.0
45000.0
16000.0
36000.0
15000.0
23000.0
33000.0
8000.0
29000.0
20000.0
34000.0
1000.0
31000.0
25000.0
10000.0
18000.0
11000.0
13000.0
9000.0
22000.0
22000.0
9000.0
14000.0
38000.0
13000.0
11000.0
7000.0
9000.0
1000.0
14000.0
38000.0
25000.0
10000.0
19000.0
10000.0
23000.0
64000.0
38000.0
17000.0
7000.0
32000.0
56000.0
54000.0
14000.0
6000.0
62000.0
13000.0
23000.0
10000.0
38000.0
20000.0
13000.0
23000.0
23000.0
20000.0
37000.0
12000.0
5000.0
33000.0
10000.0
10000.0
34000.0
68000.0
9000.0
18000.0
18000.0
18000.0
0.0
14000.0
34000.0
28000.0
46000.0
1000.0
32000.0
18000.0
1000.0
32000.0
25000.0
24000.0
18000.0
17000.0
28000.0
5000.0
21000.0
16000.0
20000.0
18000.0
0.0
26000.0
11000.0
10000.0
15000.0
37000.0
48000.0
36000.0
25000.0
30000.0
33000.0
24000.0
33000.0
6000.0
8000.0
24000.0
6000.0
9000.0
46000.0
23000.0
25000.0
17000.0
18000.0
22000.0
20000.0
24000.0
5000.0
34000.0
44000.0
6000.0
1000.0
15000.0
48000.0
5000.0
5000.0
22000.0
14000.0
21000.0
18000.0
0.0
55000.0
12000.0
25000.0
16000.0
8000.0
25000.0
35000.0
48000.0
24000.0
1000.0
36000.0
12000.0
24000.0
1000.0
16000.0
50000.0
9000.0
1000.0
8000.0
52000.0
30000.0
33000.0
71000.0
36000.0
33000.0
45000.0
36000.0
21000.0
22000.0
29000.0
28000.0
18000.0
18000.0
12000.0
9000.0
0.0
40000.0
7000.0
23000.0
11000.0
9000.0
24000.0
16000.0
18000.0
7000.0
15000.0
17000.0
18000.0
14000.0
38000.0
19000.0
21000.0
4000.0
23000.0
11000.0
16000.0
25000.0
1000.0
21000.0
23000.0
45000.0
16000.0
4000.0
10000.0
17000.0
9000.0
22000.0
31000.0
9000.0
0.0
15000.0
11000.0
32000.0
13000.0
9000.0
19000.0
10000.0
9000.0
32000.0
16000.0
8000.0
48000.0
12000.0
8000.0
13000.0
10000.0
19000.0
8000.0
7000.0
25000.0
10000.0
5000.0
17000.0
20000.0
11000.0
42000.0
12000.0
23000.0
26000.0
17000.0
38000.0
19000.0
23000.0
11000.0
52000.0
10000.0
28000.0
18000.0
18000.0
1000.0
8000.0
10000.0
8000.0
1000.0
50000.0
24000.0
42000.0
12000.0
10000.0
38000.0
40000.0
13000.0
25000.0
42000.0
21000.0
18000.0
37000.0
24000.0
9000.0
31000.0
6000.0
24000.0
24000.0
11000.0
32000.0
15000.0
12000.0
25000.0
11000.0
7000.0
29000.0
0.0
16000.0
35000.0
17000.0
0.0
24000.0
6000.0
56000.0
11000.0
17000.0
12000.0
23000.0
25000.0
18000.0
21000.0
3000.0
11000.0
22000.0
7000.0
32000.0
10000.0
16000.0
19000.0
5000.0
19000.0
13000.0
60000.0
11000.0
25000.0
14000.0
6000.0
11000.0
46000.0
16000.0
6000.0
5000.0
18000.0
1000.0
23000.0
3000.0
16000.0
23000.0
51000.0
15000.0
22000.0
21000.0
7000.0
4000.0
11000.0
16000.0
39000.0
12000.0
17000.0
10000.0
24000.0
7000.0
13000.0
19000.0
12000.0
13000.0
42000.0
24000.0
9000.0
17000.0
22000.0
29000.0
43000.0
38000.0
10000.0
23000.0
12000.0
75000.0
8000.0
10000.0
10000.0
31000.0
15000.0
48000.0
12000.0
10000.0
9000.0
0.0
22000.0
24000.0
47000.0
1000.0
36000.0
18000.0
42000.0
21000.0
17000.0
17000.0
50000.0
37000.0
50000.0
35000.0
40000.0
21000.0
21000.0
22000.0
9000.0
6000.0
11000.0
13000.0
40000.0
12000.0
19000.0
0.0
21000.0
31000.0
10000.0
18000.0
16000.0
14000.0
45000.0
10000.0
6000.0
1000.0
30000.0
14000.0
19000.0
11000.0
15000.0
31000.0
44000.0
52000.0
20000.0
37000.0
29000.0
22000.0
9000.0
44000.0
20000.0
40000.0
25000.0
20000.0
29000.0
22000.0
17000.0
27000.0
6000.0
30000.0
44000.0
15000.0
10000.0
11000.0
15000.0
29000.0
9000.0
47000.0
33000.0
1000.0
20000.0
6000.0
48000.0
17000.0
39000.0
35000.0
11000.0
4000.0
13000.0
24000.0
15000.0
44000.0
42000.0
5000.0
16000.0
20000.0
42000.0
21000.0
0.0
18000.0
12000.0
24000.0
14000.0
5000.0
13000.0
14000.0
15000.0
19000.0
20000.0
12000.0
8000.0
4000.0
15000.0
5000.0
21000.0
36000.0
19000.0
22000.0
10000.0
0.0
7000.0
14000.0
8000.0
10000.0
0.0
38000.0
21000.0
10000.0
6000.0
23000.0
17000.0
20000.0
24000.0
42000.0
35000.0
45000.0
23000.0
12000.0
7000.0
50000.0
12000.0
11000.0
26000.0
17000.0
18000.0
47000.0
19000.0
17000.0
12000.0
7000.0
44000.0
20000.0
18000.0
38000.0
24000.0
17000.0
30000.0
19000.0
27000.0
13000.0
32000.0
13000.0
10000.0
6000.0
10000.0
12000.0
34000.0
28000.0
6000.0
15000.0
20000.0
12000.0
24000.0
10000.0
35000.0
33000.0
8000.0
20000.0
31000.0
20000.0
5000.0
0.0
48000.0
6000.0
30000.0
8000.0
14000.0
38000.0
49000.0
14000.0
20000.0
25000.0
47000.0
48000.0
5000.0
18000.0
20000.0
17000.0
20000.0
40000.0
23000.0
0.0
11000.0
21000.0
32000.0
88000.0
19000.0
15000.0
17000.0
17000.0
14000.0
12000.0
5000.0
30000.0
2000.0
0.0
15000.0
28000.0
63000.0
18000.0
45000.0
8000.0
19000.0
13000.0
36000.0
21000.0
36000.0
7000.0
51000.0
42000.0
14000.0
38000.0
18000.0
4000.0
15000.0
13000.0
28000.0
21000.0
16000.0
46000.0
12000.0
12000.0
58000.0
23000.0
35000.0
37000.0
5000.0
15000.0
13000.0
8000.0
8000.0
20000.0
9000.0
35000.0
38000.0
17000.0
35000.0
22000.0
20000.0
9000.0
14000.0
10000.0
8000.0
19000.0
36000.0
10000.0
3000.0
11000.0
19000.0
31000.0
3000.0
0.0
16000.0
8000.0
14000.0
27000.0
17000.0
40000.0
45000.0
13000.0
0.0
20000.0
29000.0
1000.0
0.0
6000.0
29000.0
6000.0
71000.0
21000.0
13000.0
25000.0
48000.0
20000.0
19000.0
27000.0
19000.0
16000.0
3000.0
58000.0
15000.0
20000.0
12000.0
1000.0
25000.0
34000.0
37000.0
28000.0
24000.0
19000.0
17000.0
55000.0
7000.0
33000.0
28000.0
47000.0
21000.0
26000.0
13000.0
20000.0
20000.0
32000.0
42000.0
42000.0
10000.0
45000.0
18000.0
10000.0
53000.0
29000.0
76000.0
24000.0
44000.0
15000.0
21000.0
44000.0
20000.0
10000.0
40000.0
13000.0
8000.0
9000.0
11000.0
33000.0
10000.0
40000.0
6000.0
5000.0
16000.0
5000.0
7000.0
18000.0
15000.0
12000.0
13000.0
47000.0
29000.0
20000.0
4000.0
12000.0
19000.0
17000.0
11000.0
1000.0
8000.0
51000.0
0.0
5000.0
23000.0
1000.0
6000.0
14000.0
6000.0
38000.0
42000.0
12000.0
43000.0
11000.0
19000.0
38000.0
18000.0
4000.0
13000.0
19000.0
17000.0
37000.0
56000.0
9000.0
4000.0
18000.0
36000.0
31000.0
37000.0
9000.0
5000.0
8000.0
30000.0
27000.0
5000.0
23000.0
11000.0
10000.0
18000.0
19000.0
27000.0
1000.0
12000.0
23000.0
56000.0
10000.0
18000.0
18000.0
17000.0
8000.0
11000.0
56000.0
53000.0
31000.0
18000.0
16000.0
13000.0
6000.0
17000.0
28000.0
13000.0
20000.0
15000.0
1000.0
17000.0
6000.0
22000.0
13000.0
5000.0
49000.0
1000.0
6000.0
71000.0
36000.0
36000.0
22000.0
40000.0
44000.0
15000.0
23000.0
5000.0
55000.0
14000.0
20000.0
1000.0
21000.0
8000.0
11000.0
6000.0
43000.0
18000.0
26000.0
20000.0
14000.0
10000.0
11000.0
12000.0
32000.0
8000.0
10000.0
7000.0
8000.0
33000.0
17000.0
18000.0
19000.0
12000.0
7000.0
24000.0
10000.0
4000.0
8000.0
16000.0
19000.0
16000.0
9000.0
40000.0
8000.0
20000.0
52000.0
42000.0
9000.0
5000.0
22000.0
19000.0
19000.0
25000.0
22000.0
38000.0
85000.0
52000.0
1000.0
21000.0
45000.0
9000.0
9000.0
27000.0
12000.0
13000.0
36000.0
20000.0
10000.0
20000.0
11000.0
16000.0
9000.0
23000.0
10000.0
25000.0
5000.0
17000.0
21000.0
45000.0
14000.0
46000.0
32000.0
21000.0
23000.0
11000.0
23000.0
40000.0
44000.0
21000.0
1000.0
27000.0
11000.0
16000.0
36000.0
5000.0
17000.0
16000.0
16000.0
51000.0
25000.0
42000.0
12000.0
47000.0
10000.0
25000.0
27000.0
50000.0
9000.0
21000.0
33000.0
13000.0
19000.0
16000.0
10000.0
11000.0
45000.0
19000.0
12000.0
38000.0
16000.0
13000.0
7000.0
19000.0
8000.0
41000.0
11000.0
0.0
45000.0
11000.0
1000.0
16000.0
7000.0
6000.0
21000.0
14000.0
31000.0
17000.0
10000.0
30000.0
34000.0
3000.0
22000.0
25000.0
7000.0
17000.0
55000.0
60000.0
32000.0
9000.0
9000.0
3000.0
55000.0
46000.0
25000.0
19000.0
13000.0
8000.0
9000.0
12000.0
50000.0
21000.0
11000.0
9000.0
17000.0
7000.0
27000.0
13000.0
4000.0
35000.0
13000.0
14000.0
8000.0
4000.0
17000.0
5000.0
2000.0
30000.0
24000.0
1000.0
17000.0
4000.0
5000.0
24000.0
14000.0
19000.0
15000.0
4000.0
27000.0
12000.0
9000.0
13000.0
18000.0
10000.0
1000.0
48000.0
9000.0
3000.0
14000.0
8000.0
7000.0
7000.0
29000.0
6000.0
4000.0
4000.0
16000.0
13000.0
4000.0
1000.0
4000.0
10000.0
5000.0
10000.0
23000.0
8000.0
4000.0
32000.0
23000.0
25000.0
19000.0
21000.0
6000.0
18000.0
10000.0
51000.0
12000.0
10000.0
11000.0
9000.0
8000.0
21000.0
3000.0
26000.0
29000.0
0.0
10000.0
13000.0
12000.0
1000.0
3000.0
8000.0
12000.0
24000.0
5000.0
68000.0
0.0
39000.0
12000.0
16000.0
9000.0
14000.0
23000.0
23000.0
12000.0
24000.0
14000.0
12000.0
9000.0
16000.0
12000.0
13000.0
31000.0
11000.0
3000.0
8000.0
8000.0
1000.0
6000.0
13000.0
4000.0
8000.0
26000.0
18000.0
13000.0
7000.0
8000.0
7000.0
13000.0
15000.0
6000.0
7000.0
1000.0
6000.0
4000.0
12000.0
8000.0
4000.0
30000.0
9000.0
32000.0
3000.0
16000.0
26000.0
6000.0
4000.0
15000.0
10000.0
6000.0
11000.0
15000.0
40000.0
7000.0
9000.0
8000.0
32000.0
6000.0
16000.0
3000.0
21000.0
6000.0
7000.0
6000.0
17000.0
17000.0
42000.0
6000.0
29000.0
12000.0
23000.0
15000.0
17000.0
16000.0
12000.0
15000.0
4000.0
9000.0
27000.0
28000.0
3000.0
10000.0
20000.0
8000.0
28000.0
4000.0
32000.0
19000.0
32000.0
7000.0
11000.0
6000.0
10000.0
1000.0
24000.0
14000.0
4000.0
8000.0
17000.0
13000.0
26000.0
8000.0
3000.0
16000.0
2000.0
15000.0
10000.0
14000.0
22000.0
24000.0
9000.0
7000.0
16000.0
6000.0
8000.0
17000.0
21000.0
21000.0
17000.0
17000.0
9000.0
4000.0
13000.0
11000.0
4000.0
27000.0
15000.0
9000.0
9000.0
17000.0
4000.0
24000.0
4000.0
7000.0
6000.0
32000.0
41000.0
11000.0
19000.0
5000.0
17000.0
7000.0
23000.0
8000.0
12000.0
7000.0
17000.0
14000.0
5000.0
16000.0
26000.0
9000.0
18000.0
23000.0
8000.0
19000.0
14000.0
15000.0
4000.0
18000.0
15000.0
14000.0
1000.0
1000.0
9000.0
7000.0
10000.0
4000.0
14000.0
13000.0
13000.0
8000.0
4000.0
11000.0
30000.0
8000.0
13000.0
13000.0
48000.0
7000.0
11000.0
19000.0
6000.0
20000.0
24000.0
13000.0
4000.0
17000.0
10000.0
20000.0
4000.0
15000.0
1000.0
12000.0
6000.0
17000.0
41000.0
3000.0
5000.0
6000.0
7000.0
9000.0
5000.0
18000.0
31000.0
8000.0
11000.0
4000.0
6000.0
7000.0
35000.0
7000.0
9000.0
37000.0
7000.0
16000.0
7000.0
0.0
0.0
17000.0
22000.0
30000.0
30000.0
4000.0
17000.0
33000.0
25000.0
3000.0
21000.0
38000.0
10000.0
18000.0
4000.0
7000.0
5000.0
13000.0
19000.0
20000.0
20000.0
34000.0
6000.0
4000.0
4000.0
32000.0
12000.0
8000.0
23000.0
1000.0
20000.0
8000.0
8000.0
33000.0
24000.0
32000.0
7000.0
16000.0
7000.0
12000.0
16000.0
6000.0
15000.0
17000.0
8000.0
4000.0
15000.0
15000.0
9000.0
31000.0
13000.0
12000.0
9000.0
9000.0
31000.0
34000.0
18000.0
8000.0
1000.0
27000.0
23000.0
16000.0
20000.0
17000.0
39000.0
5000.0
20000.0
16000.0
8000.0
16000.0
8000.0
16000.0
9000.0
11000.0
16000.0
39000.0
10000.0
7000.0
4000.0
28000.0
7000.0
1000.0
3000.0
15000.0
12000.0
8000.0
4000.0
1000.0
14000.0
8000.0
4000.0
11000.0
10000.0
13000.0
21000.0
9000.0
36000.0
11000.0
15000.0
25000.0
22000.0
19000.0
4000.0
25000.0
75000.0
14000.0
10000.0
8000.0
1000.0
8000.0
18000.0
3000.0
21000.0
6000.0
3000.0
20000.0
10000.0
5000.0
6000.0
14000.0
32000.0
18000.0
4000.0
9000.0
13000.0
8000.0
24000.0
32000.0
15000.0
10000.0
71000.0
16000.0
1000.0
19000.0
21000.0
6000.0
21000.0
10000.0
15000.0
8000.0
21000.0
4000.0
32000.0
17000.0
4000.0
10000.0
32000.0
13000.0
12000.0
6000.0
4000.0
5000.0
17000.0
14000.0
32000.0
11000.0
10000.0
9000.0
29000.0
36000.0
4000.0
5000.0
23000.0
13000.0
31000.0
3000.0
7000.0
7000.0
14000.0
27000.0
26000.0
31000.0
35000.0
41000.0
0.0
40000.0
15000.0
7000.0
3000.0
17000.0
11000.0
4000.0
6000.0
8000.0
5000.0
17000.0
1000.0
12000.0
18000.0
4000.0
20000.0
10000.0
25000.0
14000.0
6000.0
7000.0
9000.0
25000.0
7000.0
8000.0
6000.0
3000.0
41000.0
11000.0
10000.0
19000.0
3000.0
14000.0
10000.0
6000.0
3000.0
54000.0
15000.0
14000.0
32000.0
6000.0
12000.0
13000.0
7000.0
10000.0
17000.0
26000.0
0.0
8000.0
12000.0
17000.0
9000.0
25000.0
14000.0
13000.0
6000.0
6000.0
24000.0
6000.0
23000.0
14000.0
27000.0
11000.0
9000.0
16000.0
3000.0
24000.0
17000.0
14000.0
1000.0
32000.0
15000.0
38000.0
0.0
20000.0
8000.0
4000.0
18000.0
3000.0
9000.0
7000.0
4000.0
3000.0
25000.0
35000.0
6000.0
12000.0
1000.0
32000.0
4000.0
17000.0
22000.0
11000.0
14000.0
13000.0
33000.0
41000.0
5000.0
40000.0
6000.0
5000.0
5000.0
13000.0
19000.0
22000.0
8000.0
5000.0
10000.0
4000.0
7000.0
14000.0
8000.0
3000.0
16000.0
14000.0
14000.0
6000.0
5000.0
5000.0
7000.0
13000.0
5000.0
32000.0
7000.0
16000.0
7000.0
13000.0
12000.0
18000.0
8000.0
5000.0
12000.0
16000.0
22000.0
6000.0
12000.0
43000.0
12000.0
10000.0
5000.0
4000.0
30000.0
7000.0
6000.0
7000.0
20000.0
11000.0
4000.0
5000.0
11000.0
16000.0
5000.0
11000.0
8000.0
11000.0
27000.0
7000.0
9000.0
11000.0
12000.0
7000.0
15000.0
9000.0
14000.0
10000.0
3000.0
12000.0
4000.0
7000.0
16000.0
17000.0
32000.0
8000.0
11000.0
19000.0
13000.0
6000.0
18000.0
31000.0
9000.0
2000.0
7000.0
7000.0
51000.0
4000.0
0.0
7000.0
21000.0
8000.0
15000.0
8000.0
5000.0
4000.0
8000.0
26000.0
26000.0
16000.0
12000.0
7000.0
15000.0
29000.0
0.0
13000.0
25000.0
7000.0
13000.0
8000.0
13000.0
26000.0
12000.0
18000.0
21000.0
20000.0
9000.0
4000.0
12000.0
30000.0
3000.0
11000.0
32000.0
3000.0
9000.0
13000.0
34000.0
7000.0
15000.0
36000.0
18000.0
23000.0
7000.0
6000.0
13000.0
4000.0
14000.0
7000.0
23000.0
16000.0
6000.0
22000.0
24000.0
14000.0
34000.0
27000.0
7000.0
5000.0
13000.0
35000.0
40000.0
12000.0
5000.0
20000.0
21000.0
4000.0
11000.0
4000.0
14000.0
10000.0
15000.0
6000.0
11000.0
4000.0
8000.0
4000.0
8000.0
13000.0
8000.0
11000.0
5000.0
3000.0
9000.0
16000.0
3000.0
5000.0
9000.0
6000.0
0.0
8000.0
2000.0
14000.0
19000.0
11000.0
29000.0
17000.0
16000.0
16000.0
16000.0
29000.0
18000.0
8000.0
19000.0
10000.0
15000.0
6000.0
10000.0
13000.0
5000.0
14000.0
8000.0
1000.0
1000.0
7000.0
3000.0
2000.0
8000.0
23000.0
14000.0
0.0
4000.0
12000.0
16000.0
5000.0
6000.0
7000.0
20000.0
12000.0
0.0
8000.0
30000.0
18000.0
7000.0
6000.0
26000.0
2000.0
13000.0
10000.0
3000.0
14000.0
20000.0
17000.0
21000.0
11000.0
9000.0
9000.0
20000.0
8000.0
19000.0
35000.0
2000.0
16000.0
15000.0
4000.0
31000.0
17000.0
7000.0
3000.0
6000.0
14000.0
6000.0
23000.0
13000.0
6000.0
23000.0
3000.0
4000.0
11000.0
8000.0
40000.0
7000.0
5000.0
20000.0
20000.0
35000.0
11000.0
6000.0
15000.0
16000.0
14000.0
7000.0
18000.0
32000.0
12000.0
33000.0
15000.0
7000.0
4000.0
18000.0
14000.0
51000.0
31000.0
5000.0
4000.0
1000.0
6000.0
11000.0
10000.0
3000.0
14000.0
8000.0
15000.0
7000.0
18000.0
22000.0
21000.0
1000.0
8000.0
8000.0
5000.0
12000.0
11000.0
6000.0
20000.0
9000.0
10000.0
18000.0
6000.0
12000.0
6000.0
0.0
3000.0
26000.0
21000.0
9000.0
0.0
5000.0
27000.0
18000.0
33000.0
15000.0
9000.0
4000.0
7000.0
7000.0
7000.0
6000.0
1000.0
23000.0
7000.0
13000.0
6000.0
13000.0
15000.0
2000.0
21000.0
22000.0
6000.0
10000.0
15000.0
23000.0
4000.0
4000.0
17000.0
5000.0
8000.0
12000.0
6000.0
32000.0
13000.0
9000.0
4000.0
21000.0
17000.0
12000.0
14000.0
5000.0
13000.0
20000.0
6000.0
5000.0
26000.0
16000.0
24000.0
20000.0
15000.0
6000.0
4000.0
9000.0
11000.0
36000.0
16000.0
7000.0
19000.0
7000.0
9000.0
26000.0
16000.0
23000.0
3000.0
6000.0
19000.0
24000.0
15000.0
3000.0
23000.0
6000.0
10000.0
0.0
26000.0
5000.0
7000.0
14000.0
30000.0
26000.0
3000.0
13000.0
10000.0
24000.0
5000.0
6000.0
8000.0
9000.0
7000.0
4000.0
26000.0
13000.0
7000.0
0.0
12000.0
7000.0
8000.0
5000.0
6000.0
17000.0
8000.0
34000.0
6000.0
5000.0
11000.0
4000.0
7000.0
34000.0
3000.0
8000.0
7000.0
3000.0
16000.0
5000.0
23000.0
1000.0
9000.0
19000.0
9000.0
9000.0
16000.0
10000.0
6000.0
14000.0
6000.0
5000.0
4000.0
4000.0
12000.0
9000.0
7000.0
22000.0
33000.0
7000.0
6000.0
10000.0
19000.0
4000.0
34000.0
1000.0
41000.0
8000.0
14000.0
19000.0
4000.0
33000.0
7000.0
6000.0
19000.0
13000.0
15000.0
14000.0
22000.0
24000.0
13000.0
28000.0
12000.0
3000.0
7000.0
8000.0
13000.0
7000.0
14000.0
6000.0
14000.0
12000.0
18000.0
8000.0
11000.0
1000.0
36000.0
6000.0
7000.0
26000.0
7000.0
2000.0
6000.0
7000.0
12000.0
26000.0
54000.0
12000.0
15000.0
22000.0
7000.0
16000.0
33000.0
6000.0
9000.0
22000.0
6000.0
8000.0
4000.0
6000.0
14000.0
8000.0
0.0
16000.0
6000.0
10000.0
7000.0
16000.0
16000.0
12000.0
14000.0
19000.0
16000.0
25000.0
9000.0
19000.0
4000.0
13000.0
17000.0
6000.0
20000.0
19000.0
1000.0
13000.0
35000.0
19000.0
30000.0
13000.0
10000.0
24000.0
15000.0
6000.0
1000.0
5000.0
38000.0
12000.0
23000.0
1000.0
6000.0
11000.0
23000.0
12000.0
16000.0
8000.0
7000.0
5000.0
18000.0
18000.0
0.0
10000.0
8000.0
11000.0
4000.0
13000.0
3000.0
14000.0
10000.0
6000.0
11000.0
6000.0
19000.0
3000.0
0.0
24000.0
6000.0
6000.0
10000.0
16000.0
18000.0
7000.0
17000.0
4000.0
19000.0
5000.0
4000.0
20000.0
23000.0
13000.0
33000.0
7000.0
7000.0
13000.0
11000.0
23000.0
3000.0
7000.0
12000.0
13000.0
41000.0
5000.0
4000.0
4000.0
17000.0
11000.0
11000.0
9000.0
11000.0
24000.0
18000.0
6000.0
7000.0
30000.0
25000.0
11000.0
5000.0
29000.0
7000.0
4000.0
15000.0
3000.0
5000.0
15000.0
27000.0
21000.0
12000.0
4000.0
2000.0
10000.0
0.0
5000.0
10000.0
7000.0
30000.0
7000.0
5000.0
9000.0
9000.0
2000.0
35000.0
7000.0
20000.0
24000.0
19000.0
10000.0
15000.0
23000.0
4000.0
4000.0
16000.0
27000.0
6000.0
11000.0
30000.0
24000.0
18000.0
11000.0
6000.0
35000.0
15000.0
3000.0
33000.0
10000.0
12000.0
6000.0
6000.0
19000.0
3000.0
6000.0
17000.0
27000.0
48000.0
19000.0
14000.0
29000.0
18000.0
50000.0
23000.0
28000.0
17000.0
45000.0
1000.0
23000.0
10000.0
12000.0
8000.0
6000.0
0.0
10000.0
7000.0
48000.0
40000.0
6000.0
3000.0
8000.0
3000.0
27000.0
7000.0
3000.0
27000.0
14000.0
15000.0
3000.0
20000.0
11000.0
6000.0
13000.0
6000.0
4000.0
9000.0
5000.0
14000.0
15000.0
7000.0
9000.0
18000.0
10000.0
10000.0
1000.0
13000.0
32000.0
5000.0
3000.0
6000.0
29000.0
9000.0
8000.0
1000.0
18000.0
25000.0
14000.0
13000.0
7000.0
5000.0
8000.0
13000.0
29000.0
5000.0
14000.0
32000.0
23000.0
10000.0
17000.0
15000.0
32000.0
13000.0
6000.0
20000.0
7000.0
22000.0
12000.0
2000.0
16000.0
8000.0
5000.0
16000.0
8000.0
0.0
7000.0
16000.0
7000.0
10000.0
10000.0
8000.0
8000.0
15000.0
8000.0
15000.0
28000.0
12000.0
12000.0
12000.0
19000.0
3000.0
26000.0
7000.0
10000.0
13000.0
17000.0
23000.0
7000.0
23000.0
11000.0
11000.0
31000.0
6000.0
9000.0
30000.0
3000.0
35000.0
7000.0
19000.0
19000.0
16000.0
17000.0
18000.0
25000.0
6000.0
15000.0
12000.0
4000.0
5000.0
4000.0
3000.0
29000.0
37000.0
39000.0
7000.0
36000.0
8000.0
6000.0
7000.0
17000.0
17000.0
13000.0
7000.0
37000.0
34000.0
23000.0
10000.0
6000.0
44000.0
9000.0
16000.0
18000.0
11000.0
4000.0
6000.0
7000.0
11000.0
16000.0
4000.0
17000.0
13000.0
13000.0
4000.0
10000.0
36000.0
9000.0
5000.0
11000.0
9000.0
4000.0
14000.0
6000.0
5000.0
7000.0
26000.0
7000.0
7000.0
6000.0
8000.0
10000.0
5000.0
9000.0
18000.0
10000.0
0.0
12000.0
6000.0
7000.0
0.0
4000.0
33000.0
6000.0
11000.0
9000.0
6000.0
13000.0
18000.0
10000.0
28000.0
7000.0
7000.0
10000.0
9000.0
35000.0
8000.0
20000.0
12000.0
36000.0
13000.0
25000.0
21000.0
20000.0
12000.0
23000.0
8000.0
6000.0
9000.0
19000.0
31000.0
10000.0
7000.0
6000.0
19000.0
12000.0
11000.0
12000.0
15000.0
8000.0
24000.0
12000.0
1000.0
1000.0
8000.0
14000.0
28000.0
3000.0
1000.0
5000.0
6000.0
10000.0
17000.0
12000.0
5000.0
34000.0
12000.0
4000.0
6000.0
20000.0
6000.0
53000.0
7000.0
7000.0
14000.0
8000.0
10000.0
3000.0
6000.0
8000.0
9000.0
6000.0
7000.0
11000.0
20000.0
1000.0
10000.0
16000.0
20000.0
19000.0
17000.0
8000.0
15000.0
0.0
13000.0
6000.0
20000.0
16000.0
24000.0
5000.0
10000.0
8000.0
25000.0
13000.0
7000.0
0.0
30000.0
1000.0
11000.0
10000.0
6000.0
8000.0
8000.0
15000.0
10000.0
12000.0
9000.0
4000.0
5000.0
8000.0
18000.0
7000.0
27000.0
31000.0
30000.0
4000.0
5000.0
21000.0
6000.0
9000.0
26000.0
8000.0
7000.0
7000.0
8000.0
4000.0
13000.0
5000.0
6000.0
4000.0
6000.0
12000.0
5000.0
5000.0
19000.0
20000.0
7000.0
4000.0
14000.0
13000.0
1000.0
18000.0
10000.0
9000.0
7000.0
38000.0
6000.0
7000.0
0.0
18000.0
10000.0
36000.0
5000.0
2000.0
14000.0
5000.0
12000.0
14000.0
14000.0
9000.0
4000.0
8000.0
5000.0
4000.0
11000.0
9000.0
13000.0
8000.0
11000.0
5000.0
11000.0
45000.0
1000.0
8000.0
10000.0
15000.0
7000.0
5000.0
15000.0
6000.0
21000.0
32000.0
5000.0
10000.0
15000.0
13000.0
7000.0
13000.0
22000.0
45000.0
5000.0
15000.0
29000.0
19000.0
16000.0
16000.0
18000.0
7000.0
7000.0
4000.0
21000.0
4000.0
11000.0
8000.0
10000.0
10000.0
5000.0
18000.0
14000.0
9000.0
14000.0
5000.0
13000.0
4000.0
3000.0
1000.0
2000.0
16000.0
3000.0
6000.0
6000.0
15000.0
7000.0
15000.0
13000.0
5000.0
6000.0
12000.0
1000.0
7000.0
4000.0
19000.0
10000.0
7000.0
20000.0
9000.0
3000.0
17000.0
3000.0
6000.0
8000.0
5000.0
15000.0
17000.0
5000.0
6000.0
4000.0
6000.0
6000.0
8000.0
7000.0
6000.0
8000.0
0.0
7000.0
14000.0
0.0
4000.0
19000.0
17000.0
17000.0
28000.0
23000.0
1000.0
3000.0
11000.0
4000.0
36000.0
3000.0
7000.0
16000.0
12000.0
13000.0
9000.0
3000.0
15000.0
12000.0
14000.0
12000.0
9000.0
14000.0
9000.0
8000.0
3000.0
8000.0
11000.0
6000.0
7000.0
8000.0
20000.0
4000.0
9000.0
4000.0
35000.0
19000.0
8000.0
14000.0
7000.0
15000.0
10000.0
3000.0
16000.0
7000.0
9000.0
6000.0
5000.0
21000.0
21000.0
41000.0
8000.0
10000.0
19000.0
24000.0
39000.0
16000.0
21000.0
0.0
8000.0
22000.0
30000.0
30000.0
12000.0
32000.0
0.0
5000.0
6000.0
4000.0
11000.0
31000.0
3000.0
9000.0
4000.0
9000.0
9000.0
19000.0
7000.0
6000.0
6000.0
35000.0
5000.0
15000.0
5000.0
2000.0
11000.0
21000.0
29000.0
6000.0
12000.0
8000.0
11000.0
0.0
13000.0
10000.0
5000.0
0.0
24000.0
13000.0
45000.0
15000.0
10000.0
24000.0
8000.0
24000.0
5000.0
15000.0
5000.0
6000.0
6000.0
4000.0
29000.0
18000.0
23000.0
6000.0
14000.0
8000.0
5000.0
4000.0
29000.0
23000.0
1000.0
2000.0
9000.0
17000.0
10000.0
6000.0
3000.0
6000.0
19000.0
7000.0
25000.0
9000.0
10000.0
4000.0
15000.0
10000.0
17000.0
6000.0
32000.0
36000.0
40000.0
10000.0
10000.0
17000.0
10000.0
14000.0
6000.0
4000.0
21000.0
8000.0
14000.0
8000.0
5000.0
12000.0
13000.0
7000.0
21000.0
14000.0
20000.0
7000.0
8000.0
14000.0
2000.0
7000.0
14000.0
12000.0
6000.0
6000.0
14000.0
3000.0
1000.0
13000.0
21000.0
0.0
8000.0
5000.0
14000.0
21000.0
13000.0
3000.0
0.0
25000.0
7000.0
6000.0
29000.0
6000.0
6000.0
3000.0
4000.0
32000.0
4000.0
17000.0
28000.0
6000.0
32000.0
28000.0
13000.0
6000.0
17000.0
9000.0
1000.0
14000.0
10000.0
20000.0
14000.0
32000.0
11000.0
11000.0
10000.0
0.0
12000.0
10000.0
7000.0
5000.0
5000.0
7000.0
7000.0
18000.0
8000.0
10000.0
4000.0
10000.0
11000.0
13000.0
13000.0
16000.0
1000.0
9000.0
20000.0
13000.0
7000.0
29000.0
17000.0
13000.0
11000.0
4000.0
6000.0
24000.0
13000.0
1000.0
9000.0
15000.0
10000.0
2000.0
24000.0
2000.0
33000.0
13000.0
10000.0
3000.0
1000.0
10000.0
18000.0
11000.0
22000.0
2000.0
19000.0
8000.0
6000.0
22000.0
12000.0
16000.0
12000.0
9000.0
8000.0
7000.0
13000.0
16000.0
9000.0
8000.0
13000.0
6000.0
9000.0
20000.0
11000.0
20000.0
1000.0
29000.0
18000.0
5000.0
8000.0
16000.0
9000.0
12000.0
11000.0
30000.0
12000.0
3000.0
3000.0
19000.0
8000.0
27000.0
4000.0
20000.0
8000.0
13000.0
15000.0
5000.0
8000.0
4000.0
6000.0
23000.0
7000.0
10000.0
17000.0
10000.0
14000.0
9000.0
18000.0
9000.0
12000.0
17000.0
5000.0
35000.0
19000.0
33000.0
0.0
4000.0
5000.0
29000.0
7000.0
11000.0
12000.0
26000.0
6000.0
8000.0
4000.0
7000.0
12000.0
35000.0
20000.0
2000.0
7000.0
6000.0
8000.0
24000.0
8000.0
6000.0
9000.0
6000.0
2000.0
5000.0
4000.0
5000.0
4000.0
11000.0
5000.0
7000.0
6000.0
18000.0
13000.0
5000.0
5000.0
12000.0
20000.0
7000.0
13000.0
16000.0
29000.0
5000.0
9000.0
11000.0
9000.0
10000.0
25000.0
41000.0
13000.0
2000.0
6000.0
9000.0
10000.0
13000.0
25000.0
7000.0
6000.0
15000.0
7000.0
6000.0
10000.0
26000.0
10000.0
13000.0
6000.0
5000.0
15000.0
5000.0
41000.0
0.0
12000.0
17000.0
8000.0
11000.0
4000.0
6000.0
15000.0
17000.0
20000.0
5000.0
12000.0
8000.0
9000.0
1000.0
9000.0
5000.0
6000.0
7000.0
6000.0
9000.0
1000.0
16000.0
7000.0
21000.0
5000.0
17000.0
8000.0
29000.0
6000.0
14000.0
29000.0
18000.0
8000.0
3000.0
7000.0
11000.0
19000.0
25000.0
7000.0
6000.0
15000.0
7000.0
32000.0
5000.0
4000.0
6000.0
35000.0
8000.0
4000.0
18000.0
22000.0
8000.0
6000.0
10000.0
14000.0
7000.0
11000.0
10000.0
8000.0
27000.0
13000.0
6000.0
20000.0
8000.0
5000.0
6000.0
1000.0
11000.0
10000.0
13000.0
6000.0
9000.0
4000.0
6000.0
10000.0
5000.0
47000.0
3000.0
8000.0
10000.0
18000.0
6000.0
4000.0
13000.0
8000.0
1000.0
16000.0
12000.0
0.0
9000.0
18000.0
13000.0
7000.0
16000.0
8000.0
10000.0
8000.0
24000.0
12000.0
21000.0
8000.0
2000.0
4000.0
7000.0
19000.0
24000.0
18000.0
6000.0
16000.0
10000.0
4000.0
4000.0
45000.0
16000.0
29000.0
9000.0
6000.0
7000.0
7000.0
16000.0
15000.0
37000.0
9000.0
8000.0
15000.0
7000.0
9000.0
8000.0
6000.0
4000.0
6000.0
39000.0
10000.0
3000.0
4000.0
8000.0
5000.0
14000.0
8000.0
0.0
9000.0
8000.0
12000.0
8000.0
8000.0
20000.0
9000.0
16000.0
18000.0
38000.0
5000.0
13000.0
7000.0
13000.0
17000.0
14000.0
8000.0
10000.0
10000.0
23000.0
5000.0
14000.0
26000.0
5000.0
6000.0
7000.0
15000.0
15000.0
16000.0
21000.0
32000.0
8000.0
17000.0
8000.0
9000.0
6000.0
18000.0
5000.0
12000.0
16000.0
10000.0
11000.0
7000.0
20000.0
8000.0
5000.0
4000.0
13000.0
11000.0
10000.0
21000.0
13000.0
5000.0
8000.0
6000.0
9000.0
12000.0
7000.0
23000.0
0.0
1000.0
3000.0
12000.0
5000.0
17000.0
21000.0
13000.0
12000.0
51000.0
7000.0
12000.0
13000.0
7000.0
6000.0
11000.0
11000.0
6000.0
21000.0
19000.0
8000.0
10000.0
3000.0
44000.0
3000.0
7000.0
0.0
12000.0
5000.0
15000.0
6000.0
0.0
23000.0
10000.0
8000.0
4000.0
9000.0
22000.0
5000.0
15000.0
4000.0
3000.0
15000.0
7000.0
10000.0
4000.0
15000.0
7000.0
29000.0
5000.0
21000.0
6000.0
23000.0
4000.0
5000.0
7000.0
18000.0
32000.0
6000.0
26000.0
21000.0
4000.0
5000.0
8000.0
8000.0
10000.0
4000.0
7000.0
19000.0
9000.0
31000.0
40000.0
13000.0
15000.0
13000.0
5000.0
12000.0
12000.0
11000.0
12000.0
35000.0
0.0
19000.0
23000.0
8000.0
17000.0
6000.0
6000.0
8000.0
16000.0
6000.0
32000.0
13000.0
12000.0
6000.0
11000.0
15000.0
5000.0
10000.0
7000.0
7000.0
4000.0
7000.0
4000.0
8000.0
5000.0
15000.0
7000.0
2000.0
6000.0
9000.0
14000.0
12000.0
9000.0
25000.0
5000.0
32000.0
4000.0
6000.0
20000.0
13000.0
7000.0
21000.0
1000.0
5000.0
30000.0
11000.0
6000.0
29000.0
17000.0
9000.0
6000.0
29000.0
18000.0
6000.0
4000.0
8000.0
6000.0
6000.0
14000.0
7000.0
6000.0
17000.0
8000.0
9000.0
6000.0
10000.0
7000.0
5000.0
14000.0
3000.0
6000.0
5000.0
25000.0
26000.0
2000.0
17000.0
9000.0
12000.0
6000.0
18000.0
8000.0
4000.0
4000.0
11000.0
3000.0
20000.0
8000.0
9000.0
0.0
14000.0
28000.0
0.0
9000.0
23000.0
20000.0
8000.0
30000.0
4000.0
8000.0
24000.0
7000.0
6000.0
7000.0
14000.0
1000.0
11000.0
21000.0
15000.0
16000.0
23000.0
3000.0
6000.0
22000.0
51000.0
1000.0
1000.0
8000.0
7000.0
15000.0
13000.0
0.0
13000.0
35000.0
3000.0
8000.0
2000.0
6000.0
7000.0
5000.0
16000.0
10000.0
24000.0
6000.0
28000.0
5000.0
14000.0
5000.0
14000.0
6000.0
8000.0
0.0
3000.0
10000.0
6000.0
16000.0
11000.0
38000.0
5000.0
7000.0
7000.0
5000.0
8000.0
8000.0
5000.0
18000.0
8000.0
3000.0
5000.0
6000.0
7000.0
13000.0
38000.0
8000.0
6000.0
29000.0
1000.0
10000.0
17000.0
19000.0
8000.0
14000.0
6000.0
16000.0
21000.0
2000.0
3000.0
5000.0
28000.0
19000.0
1000.0
20000.0
22000.0
1000.0
7000.0
11000.0
6000.0
8000.0
10000.0
19000.0
0.0
1000.0
9000.0
13000.0
8000.0
3000.0
11000.0
18000.0
3000.0
19000.0
16000.0
4000.0
4000.0
9000.0
2000.0
6000.0
8000.0
18000.0
26000.0
6000.0
3000.0
1000.0
12000.0
14000.0
15000.0
4000.0
0.0
3000.0
9000.0
6000.0
12000.0
8000.0
9000.0
3000.0
5000.0
1000.0
4000.0
12000.0
15000.0
5000.0
12000.0
6000.0
1000.0
5000.0
13000.0
15000.0
4000.0
13000.0
20000.0
11000.0
6000.0
8000.0
14000.0
6000.0
10000.0
17000.0
23000.0
5000.0
14000.0
27000.0
4000.0
10000.0
8000.0
3000.0
1000.0
4000.0
13000.0
18000.0
5000.0
5000.0
7000.0
7000.0
4000.0
5000.0
3000.0
6000.0
4000.0
9000.0
4000.0
7000.0
2000.0
23000.0
6000.0
12000.0
9000.0
19000.0
7000.0
5000.0
10000.0
7000.0
9000.0
12000.0
10000.0
8000.0
5000.0
2000.0
4000.0
5000.0
4000.0
7000.0
12000.0
5000.0
42000.0
7000.0
4000.0
5000.0
18000.0
10000.0
5000.0
17000.0
15000.0
10000.0
6000.0
17000.0
10000.0
8000.0
8000.0
13000.0
24000.0
9000.0
5000.0
7000.0
5000.0
12000.0
25000.0
4000.0
7000.0
3000.0
13000.0
9000.0
6000.0
8000.0
25000.0
19000.0
13000.0
0.0
4000.0
8000.0
12000.0
11000.0
7000.0
6000.0
2000.0
5000.0
7000.0
8000.0
7000.0
14000.0
13000.0
8000.0
20000.0
11000.0
4000.0
2000.0
6000.0
8000.0
3000.0
6000.0
6000.0
5000.0
7000.0
10000.0
5000.0
29000.0
11000.0
16000.0
4000.0
5000.0
8000.0
3000.0
10000.0
3000.0
12000.0
6000.0
41000.0
3000.0
0.0
7000.0
7000.0
0.0
5000.0
11000.0
5000.0
21000.0
5000.0
5000.0
6000.0
0.0
22000.0
10000.0
1000.0
3000.0
1000.0
9000.0
4000.0
9000.0
12000.0
11000.0
7000.0
6000.0
19000.0
5000.0
9000.0
15000.0
5000.0
9000.0
14000.0
3000.0
2000.0
6000.0
3000.0
6000.0
5000.0
6000.0
15000.0
3000.0
13000.0
3000.0
25000.0
21000.0
18000.0
14000.0
5000.0
1000.0
13000.0
3000.0
4000.0
4000.0
5000.0
5000.0
0.0
9000.0
7000.0
15000.0
8000.0
7000.0
18000.0
11000.0
1000.0
5000.0
5000.0
6000.0
9000.0
41000.0
4000.0
5000.0
6000.0
8000.0
20000.0
7000.0
5000.0
28000.0
4000.0
2000.0
9000.0
23000.0
7000.0
28000.0
8000.0
5000.0
27000.0
10000.0
10000.0
9000.0
13000.0
3000.0
48000.0
13000.0
4000.0
6000.0
0.0
5000.0
1000.0
8000.0
20000.0
4000.0
6000.0
9000.0
13000.0
0.0
11000.0
9000.0
8000.0
16000.0
15000.0
8000.0
4000.0
11000.0
8000.0
17000.0
7000.0
16000.0
3000.0
8000.0
19000.0
3000.0
3000.0
3000.0
4000.0
12000.0
12000.0
20000.0
4000.0
15000.0
3000.0
2000.0
4000.0
4000.0
24000.0
5000.0
17000.0
7000.0
14000.0
7000.0
30000.0
10000.0
14000.0
13000.0
38000.0
5000.0
8000.0
10000.0
1000.0
18000.0
23000.0
6000.0
11000.0
10000.0
5000.0
10000.0
12000.0
13000.0
8000.0
5000.0
7000.0
11000.0
9000.0
8000.0
9000.0
5000.0
9000.0
5000.0
8000.0
23000.0
9000.0
9000.0
4000.0
6000.0
16000.0
7000.0
16000.0
10000.0
4000.0
7000.0
8000.0
1000.0
19000.0
2000.0
5000.0
29000.0
25000.0
26000.0
1000.0
4000.0
10000.0
0.0
8000.0
5000.0
24000.0
6000.0
5000.0
17000.0
3000.0
4000.0
10000.0
11000.0
7000.0
10000.0
12000.0
11000.0
11000.0
19000.0
1000.0
6000.0
15000.0
10000.0
3000.0
4000.0
5000.0
12000.0
8000.0
24000.0
5000.0
7000.0
1000.0
11000.0
14000.0
13000.0
10000.0
6000.0
17000.0
7000.0
3000.0
6000.0
16000.0
10000.0
15000.0
7000.0
4000.0
4000.0
6000.0
3000.0
16000.0
5000.0
7000.0
6000.0
4000.0
16000.0
3000.0
48000.0
18000.0
7000.0
14000.0
7000.0
16000.0
6000.0
2000.0
0.0
12000.0
18000.0
4000.0
6000.0
6000.0
10000.0
4000.0
8000.0
8000.0
5000.0
16000.0
4000.0
16000.0
2000.0
17000.0
4000.0
7000.0
11000.0
6000.0
12000.0
10000.0
8000.0
29000.0
6000.0
3000.0
7000.0
8000.0
6000.0
7000.0
5000.0
5000.0
7000.0
12000.0
3000.0
9000.0
5000.0
21000.0
28000.0
12000.0
2000.0
18000.0
14000.0
14000.0
11000.0
6000.0
12000.0
5000.0
20000.0
10000.0
9000.0
7000.0
4000.0
8000.0
22000.0
6000.0
3000.0
15000.0
3000.0
7000.0
12000.0
2000.0
6000.0
3000.0
34000.0
8000.0
37000.0
13000.0
4000.0
6000.0
5000.0
38000.0
16000.0
8000.0
4000.0
11000.0
3000.0
7000.0
5000.0
15000.0
16000.0
5000.0
5000.0
5000.0
17000.0
18000.0
1000.0
1000.0
31000.0
5000.0
3000.0
7000.0
8000.0
9000.0
9000.0
13000.0
26000.0
4000.0
2000.0
4000.0
1000.0
6000.0
14000.0
5000.0
8000.0
11000.0
6000.0
7000.0
3000.0
7000.0
3000.0
14000.0
5000.0
8000.0
6000.0
3000.0
12000.0
5000.0
4000.0
16000.0
13000.0
12000.0
21000.0
15000.0
10000.0
29000.0
2000.0
3000.0
25000.0
6000.0
7000.0
4000.0
2000.0
5000.0
25000.0
8000.0
5000.0
3000.0
9000.0
7000.0
3000.0
3000.0
4000.0
8000.0
15000.0
8000.0
3000.0
7000.0
6000.0
14000.0
3000.0
5000.0
14000.0
2000.0
5000.0
4000.0
5000.0
6000.0
0.0
5000.0
7000.0
7000.0
8000.0
3000.0
4000.0
5000.0
6000.0
6000.0
5000.0
10000.0
6000.0
14000.0
4000.0
22000.0
29000.0
5000.0
4000.0
9000.0
10000.0
0.0
30000.0
3000.0
14000.0
3000.0
3000.0
8000.0
21000.0
5000.0
9000.0
13000.0
6000.0
8000.0
7000.0
14000.0
3000.0
12000.0
5000.0
6000.0
8000.0
14000.0
8000.0
5000.0
23000.0
7000.0
13000.0
6000.0
15000.0
3000.0
7000.0
6000.0
8000.0
5000.0
4000.0
7000.0
10000.0
8000.0
5000.0
6000.0
21000.0
2000.0
9000.0
1000.0
9000.0
2000.0
4000.0
9000.0
11000.0
13000.0
7000.0
17000.0
0.0
7000.0
8000.0
5000.0
0.0
3000.0
6000.0
11000.0
5000.0
1000.0
6000.0
9000.0
13000.0
6000.0
1000.0
3000.0
6000.0
0.0
8000.0
24000.0
7000.0
6000.0
0.0
11000.0
3000.0
14000.0
32000.0
2000.0
10000.0
5000.0
5000.0
31000.0
10000.0
0.0
13000.0
5000.0
8000.0
8000.0
3000.0
10000.0
6000.0
8000.0
4000.0
5000.0
9000.0
11000.0
26000.0
4000.0
16000.0
2000.0
3000.0
5000.0
3000.0
8000.0
5000.0
3000.0
7000.0
14000.0
4000.0
8000.0
5000.0
26000.0
16000.0
3000.0
4000.0
4000.0
13000.0
2000.0
1000.0
29000.0
1000.0
10000.0
17000.0
7000.0
13000.0
4000.0
9000.0
1000.0
7000.0
4000.0
6000.0
13000.0
4000.0
14000.0
9000.0
11000.0
7000.0
7000.0
6000.0
2000.0
5000.0
7000.0
5000.0
10000.0
28000.0
7000.0
2000.0
9000.0
12000.0
7000.0
11000.0
10000.0
6000.0
26000.0
1000.0
11000.0
8000.0
14000.0
3000.0
6000.0
31000.0
3000.0
6000.0
5000.0
4000.0
11000.0
31000.0
9000.0
33000.0
7000.0
6000.0
3000.0
13000.0
8000.0
7000.0
12000.0
10000.0
7000.0
13000.0
5000.0
7000.0
5000.0
3000.0
12000.0
9000.0
11000.0
21000.0
8000.0
8000.0
3000.0
6000.0
6000.0
5000.0
5000.0
1000.0
3000.0
5000.0
4000.0
6000.0
6000.0
8000.0
6000.0
5000.0
7000.0
15000.0
9000.0
4000.0
13000.0
4000.0
4000.0
5000.0
6000.0
3000.0
6000.0
6000.0
10000.0
6000.0
20000.0
11000.0
5000.0
5000.0
5000.0
3000.0
4000.0
24000.0
4000.0
5000.0
5000.0
4000.0
7000.0
1000.0
6000.0
3000.0
28000.0
7000.0
3000.0
5000.0
4000.0
19000.0
3000.0
6000.0
1000.0
17000.0
5000.0
17000.0
9000.0
22000.0
18000.0
5000.0
5000.0
18000.0
4000.0
1000.0
12000.0
5000.0
5000.0
7000.0
24000.0
6000.0
10000.0
19000.0
10000.0
5000.0
11000.0
1000.0
3000.0
3000.0
4000.0
23000.0
11000.0
8000.0
4000.0
23000.0
6000.0
6000.0
9000.0
19000.0
5000.0
8000.0
5000.0
0.0
9000.0
4000.0
9000.0
5000.0
5000.0
4000.0
8000.0
23000.0
2000.0
10000.0
4000.0
3000.0
6000.0
4000.0
15000.0
6000.0
13000.0
4000.0
4000.0
6000.0
7000.0
4000.0
7000.0
12000.0
12000.0
3000.0
6000.0
6000.0
3000.0
0.0
5000.0
1000.0
38000.0
4000.0
10000.0
10000.0
3000.0
6000.0
4000.0
4000.0
4000.0
6000.0
3000.0
27000.0
43000.0
4000.0
8000.0
6000.0
3000.0
3000.0
4000.0
1000.0
7000.0
6000.0
7000.0
4000.0
21000.0
3000.0
5000.0
17000.0
9000.0
9000.0
6000.0
10000.0
1000.0
8000.0
9000.0
0.0
23000.0
5000.0
16000.0
6000.0
9000.0
1000.0
13000.0
16000.0
1000.0
14000.0
6000.0
5000.0
0.0
9000.0
22000.0
3000.0
3000.0
9000.0
5000.0
6000.0
6000.0
3000.0
13000.0
8000.0
5000.0
2000.0
11000.0
7000.0
9000.0
7000.0
2000.0
3000.0
11000.0
2000.0
4000.0
0.0
7000.0
5000.0
2000.0
10000.0
9000.0
5000.0
8000.0
4000.0
5000.0
17000.0
13000.0
7000.0
5000.0
4000.0
3000.0
7000.0
15000.0
19000.0
3000.0
4000.0
5000.0
7000.0
4000.0
22000.0
7000.0
9000.0
10000.0
3000.0
4000.0
5000.0
7000.0
3000.0
10000.0
10000.0
4000.0
5000.0
11000.0
5000.0
6000.0
11000.0
7000.0
12000.0
6000.0
24000.0
5000.0
6000.0
4000.0
1000.0
4000.0
5000.0
12000.0
11000.0
7000.0
3000.0
2000.0
5000.0
11000.0
1000.0
5000.0
8000.0
12000.0
5000.0
18000.0
6000.0
16000.0
18000.0
5000.0
5000.0
9000.0
4000.0
5000.0
14000.0
6000.0
7000.0
2000.0
3000.0
7000.0
22000.0
3000.0
7000.0
6000.0
14000.0
7000.0
5000.0
5000.0
5000.0
6000.0
5000.0
10000.0
6000.0
3000.0
9000.0
0.0
5000.0
1000.0
14000.0
27000.0
10000.0
6000.0
5000.0
3000.0
28000.0
5000.0
18000.0
6000.0
10000.0
8000.0
10000.0
0.0
5000.0
12000.0
12000.0
6000.0
4000.0
9000.0
24000.0
3000.0
4000.0
6000.0
10000.0
7000.0
0.0
0.0
18000.0
8000.0
6000.0
4000.0
9000.0
22000.0
3000.0
5000.0
15000.0
14000.0
7000.0
3000.0
9000.0
8000.0
10000.0
8000.0
6000.0
4000.0
4000.0
14000.0
1000.0
8000.0
6000.0
9000.0
11000.0
6000.0
7000.0
4000.0
14000.0
7000.0
27000.0
6000.0
12000.0
5000.0
3000.0
4000.0
20000.0
3000.0
19000.0
6000.0
9000.0
9000.0
2000.0
3000.0
18000.0
19000.0
1000.0
16000.0
17000.0
6000.0
4000.0
2000.0
5000.0
5000.0
20000.0
4000.0
4000.0
13000.0
6000.0
0.0
4000.0
1000.0
9000.0
0.0
6000.0
10000.0
4000.0
12000.0
4000.0
3000.0
3000.0
7000.0
28000.0
26000.0
7000.0
11000.0
7000.0
17000.0
25000.0
14000.0
5000.0
0.0
6000.0
8000.0
6000.0
5000.0
8000.0
4000.0
1000.0
5000.0
1000.0
5000.0
3000.0
6000.0
6000.0
18000.0
14000.0
5000.0
1000.0
5000.0
6000.0
14000.0
11000.0
12000.0
5000.0
8000.0
8000.0
10000.0
10000.0
9000.0
11000.0
3000.0
10000.0
7000.0
0.0
0.0
6000.0
8000.0
17000.0
5000.0
14000.0
27000.0
6000.0
5000.0
12000.0
6000.0
4000.0
6000.0
2000.0
5000.0
5000.0
6000.0
4000.0
6000.0
11000.0
9000.0
9000.0
17000.0
3000.0
14000.0
26000.0
12000.0
11000.0
13000.0
2000.0
10000.0
4000.0
6000.0
3000.0
6000.0
5000.0
3000.0
2000.0
1000.0
9000.0
12000.0
5000.0
9000.0
6000.0
9000.0
15000.0
9000.0
6000.0
6000.0
6000.0
20000.0
10000.0
5000.0
5000.0
10000.0
6000.0
4000.0
3000.0
24000.0
1000.0
2000.0
6000.0
6000.0
12000.0
37000.0
12000.0
5000.0
7000.0
6000.0
20000.0
21000.0
1000.0
5000.0
23000.0
8000.0
8000.0
5000.0
2000.0
4000.0
5000.0
7000.0
12000.0
5000.0
2000.0
6000.0
0.0
9000.0
17000.0
15000.0
3000.0
27000.0
11000.0
9000.0
6000.0
4000.0
8000.0
14000.0
6000.0
10000.0
6000.0
3000.0
5000.0
11000.0
14000.0
5000.0
1000.0
5000.0
7000.0
6000.0
11000.0
7000.0
14000.0
13000.0
4000.0
6000.0
5000.0
7000.0
1000.0
5000.0
4000.0
8000.0
5000.0
7000.0
21000.0
5000.0
4000.0
18000.0
19000.0
17000.0
17000.0
6000.0
25000.0
5000.0
9000.0
9000.0
6000.0
1000.0
3000.0
7000.0
2000.0
3000.0
8000.0
5000.0
3000.0
15000.0
8000.0
6000.0
5000.0
10000.0
21000.0
8000.0
9000.0
5000.0
10000.0
11000.0
6000.0
4000.0
5000.0
7000.0
6000.0
9000.0
7000.0
3000.0
2000.0
23000.0
16000.0
7000.0
2000.0
11000.0
7000.0
9000.0
5000.0
17000.0
7000.0
4000.0
5000.0
11000.0
7000.0
7000.0
9000.0
19000.0
8000.0
0.0
20000.0
7000.0
14000.0
7000.0
29000.0
13000.0
12000.0
7000.0
10000.0
14000.0
8000.0
4000.0
3000.0
5000.0
3000.0
4000.0
7000.0
4000.0
6000.0
22000.0
6000.0
17000.0
4000.0
18000.0
6000.0
13000.0
8000.0
6000.0
6000.0
5000.0
5000.0
8000.0
11000.0
18000.0
13000.0
6000.0
5000.0
7000.0
5000.0
10000.0
4000.0
3000.0
23000.0
12000.0
3000.0
7000.0
7000.0
0.0
10000.0
8000.0
0.0
4000.0
7000.0
8000.0
5000.0
6000.0
4000.0
8000.0
15000.0
3000.0
10000.0
7000.0
3000.0
18000.0
4000.0
9000.0
7000.0
10000.0
9000.0
9000.0
8000.0
27000.0
9000.0
0.0
3000.0
10000.0
18000.0
1000.0
9000.0
6000.0
11000.0
14000.0
10000.0
1000.0
6000.0
0.0
8000.0
7000.0
6000.0
5000.0
6000.0
10000.0
7000.0
6000.0
16000.0
11000.0
11000.0
4000.0
13000.0
18000.0
4000.0
7000.0
1000.0
4000.0
9000.0
8000.0
1000.0
13000.0
8000.0
1000.0
9000.0
11000.0
13000.0
7000.0
19000.0
19000.0
1000.0
6000.0
6000.0
19000.0
3000.0
7000.0
12000.0
1000.0
10000.0
5000.0
20000.0
4000.0
3000.0
3000.0
14000.0
5000.0
11000.0
11000.0
9000.0
7000.0
9000.0
1000.0
1000.0
3000.0
10000.0
28000.0
3000.0
4000.0
11000.0
6000.0
7000.0
26000.0
5000.0
6000.0
14000.0
1000.0
16000.0
5000.0
0.0
3000.0
4000.0
9000.0
11000.0
6000.0
20000.0
3000.0
11000.0
5000.0
5000.0
4000.0
11000.0
9000.0
4000.0
30000.0
5000.0
4000.0
6000.0
14000.0
9000.0
7000.0
10000.0
8000.0
1000.0
7000.0
5000.0
0.0
3000.0
1000.0
6000.0
4000.0
5000.0
4000.0
3000.0
5000.0
3000.0
8000.0
6000.0
11000.0
6000.0
10000.0
19000.0
7000.0
5000.0
12000.0
3000.0
4000.0
11000.0
14000.0
2000.0
5000.0
9000.0
1000.0
4000.0
8000.0
5000.0
3000.0
9000.0
17000.0
5000.0
7000.0
34000.0
4000.0
3000.0
8000.0
9000.0
6000.0
7000.0
2000.0
6000.0
6000.0
16000.0
8000.0
20000.0
9000.0
8000.0
5000.0
3000.0
1000.0
7000.0
1000.0
8000.0
3000.0
5000.0
8000.0
5000.0
8000.0
5000.0
14000.0
5000.0
13000.0
18000.0
24000.0
10000.0
18000.0
13000.0
7000.0
4000.0
3000.0
19000.0
15000.0
3000.0
5000.0
4000.0
4000.0
4000.0
5000.0
11000.0
5000.0
14000.0
12000.0
2000.0
4000.0
4000.0
3000.0
4000.0
9000.0
4000.0
2000.0
18000.0
11000.0
1000.0
11000.0
6000.0
18000.0
6000.0
8000.0
5000.0
9000.0
5000.0
9000.0
6000.0
7000.0
5000.0
1000.0
14000.0
7000.0
3000.0
11000.0
12000.0
5000.0
5000.0
8000.0
4000.0
6000.0
5000.0
3000.0
14000.0
8000.0
12000.0
8000.0
4000.0
6000.0
11000.0
5000.0
4000.0
9000.0
9000.0
10000.0
5000.0
0.0
12000.0
5000.0
2000.0
17000.0
17000.0
13000.0
8000.0
10000.0
1000.0
19000.0
3000.0
4000.0
8000.0
14000.0
2000.0
11000.0
7000.0
9000.0
2000.0
6000.0
2000.0
4000.0
3000.0
5000.0
3000.0
9000.0
5000.0
15000.0
0.0
5000.0
11000.0
19000.0
6000.0
10000.0
4000.0
1000.0
11000.0
2000.0
8000.0
5000.0
1000.0
4000.0
8000.0
2000.0
4000.0
1000.0
1000.0
7000.0
3000.0
1000.0
14000.0
5000.0
6000.0
18000.0
12000.0
10000.0
8000.0
13000.0
12000.0
4000.0
10000.0
6000.0
22000.0
6000.0
6000.0
5000.0
8000.0
37000.0
3000.0
6000.0
6000.0
3000.0
4000.0
7000.0
9000.0
1000.0
7000.0
5000.0
9000.0
1000.0
2000.0
38000.0
9000.0
1000.0
5000.0
14000.0
21000.0
19000.0
6000.0
6000.0
12000.0
8000.0
6000.0
6000.0
0.0
7000.0
5000.0
6000.0
19000.0
4000.0
6000.0
5000.0
17000.0
4000.0
17000.0
14000.0
7000.0
6000.0
0.0
16000.0
5000.0
23000.0
3000.0
11000.0
19000.0
4000.0
23000.0
8000.0
5000.0
3000.0
4000.0
3000.0
3000.0
18000.0
8000.0
18000.0
4000.0
7000.0
8000.0
5000.0
11000.0
16000.0
4000.0
8000.0
4000.0
12000.0
5000.0
7000.0
3000.0
10000.0
4000.0
4000.0
7000.0
5000.0
21000.0
7000.0
5000.0
3000.0
7000.0
11000.0
5000.0
5000.0
10000.0
8000.0
9000.0
15000.0
10000.0
4000.0
13000.0
2000.0
14000.0
6000.0
7000.0
19000.0
34000.0
3000.0
6000.0
5000.0
1000.0
8000.0
4000.0
10000.0
6000.0
14000.0
7000.0
6000.0
4000.0
6000.0
5000.0
1000.0
6000.0
14000.0
18000.0
14000.0
8000.0
1000.0
5000.0
9000.0
6000.0
30000.0
0.0
1000.0
6000.0
6000.0
1000.0
2000.0
7000.0
0.0
4000.0
5000.0
5000.0
4000.0
3000.0
26000.0
7000.0
4000.0
5000.0
5000.0
2000.0
8000.0
14000.0
5000.0
6000.0
4000.0
4000.0
3000.0
6000.0
5000.0
9000.0
9000.0
4000.0
8000.0
10000.0
7000.0
5000.0
16000.0
3000.0
29000.0
5000.0
23000.0
4000.0
6000.0
4000.0
14000.0
16000.0
3000.0
4000.0
42000.0
6000.0
7000.0
10000.0
21000.0
13000.0
8000.0
1000.0
7000.0
8000.0
24000.0
34000.0
5000.0
1000.0
3000.0
10000.0
4000.0
24000.0
7000.0
21000.0
9000.0
3000.0
5000.0
8000.0
5000.0
13000.0
7000.0
6000.0
5000.0
3000.0
8000.0
5000.0
8000.0
9000.0
8000.0
5000.0
9000.0
7000.0
2000.0
4000.0
7000.0
7000.0
11000.0
7000.0
6000.0
6000.0
5000.0
5000.0
8000.0
7000.0
13000.0
3000.0
1000.0
6000.0
25000.0
4000.0
13000.0
9000.0
0.0
7000.0
7000.0
4000.0
3000.0
7000.0
1000.0
4000.0
10000.0
4000.0
5000.0
19000.0
14000.0
3000.0
7000.0
5000.0
2000.0
14000.0
3000.0
5000.0
3000.0
7000.0
8000.0
2000.0
1000.0
5000.0
14000.0
7000.0
15000.0
5000.0
29000.0
5000.0
7000.0
9000.0
5000.0
4000.0
31000.0
9000.0
3000.0
11000.0
38000.0
1000.0
12000.0
3000.0
3000.0
1000.0
3000.0
5000.0
13000.0
42000.0
24000.0
7000.0
1000.0
4000.0
4000.0
7000.0
7000.0
6000.0
1000.0
4000.0
2000.0
18000.0
8000.0
7000.0
6000.0
22000.0
4000.0
9000.0
15000.0
10000.0
5000.0
10000.0
4000.0
3000.0
15000.0
4000.0
7000.0
20000.0
8000.0
4000.0
8000.0
8000.0
24000.0
2000.0
9000.0
3000.0
[...]
2000.0
1000.0
1000.0
1000.0
1000.0
8000.0
1000.0
3000.0
1000.0
3000.0
1000.0
2000.0
2000.0
2000.0
1000.0
2000.0
1000.0
2000.0
1000.0
1000.0
1000.0
1000.0
1000.0
7000.0
2000.0
1000.0
5000.0
1000.0
2000.0
1000.0
1000.0
1000.0
5000.0
2000.0
5000.0
1000.0
1000.0
1000.0
1000.0
3000.0
1000.0
2000.0
1000.0
6000.0
3000.0
5000.0
2000.0
1000.0
4000.0
1000.0
2000.0
1000.0
4000.0
2000.0
2000.0
1000.0
1000.0
1000.0
1000.0
1000.0
1000.0
2000.0
2000.0
1000.0
4000.0
1000.0
1000.0
2000.0
1000.0
4000.0
1000.0
1000.0
1000.0
1000.0
1000.0
1000.0
1000.0
1000.0
2000.0
1000.0
1000.0
1000.0
1000.0
1000.0
1000.0
1000.0
1000.0
3000.0
3000.0
4000.0
3000.0
2000.0
1000.0
2000.0
1000.0
2000.0
3000.0
1000.0
1000.0
2000.0
1000.0
3000.0
1000.0
1000.0
1000.0
1000.0
2000.0
1000.0
2000.0
2000.0
2000.0
1000.0
2000.0
2000.0
1000.0
1000.0
1000.0
2000.0
1000.0
1000.0
1000.0
3000.0
1000.0
2000.0
1000.0
1000.0
4000.0
1000.0
1000.0
2000.0
1000.0
1000.0
1000.0
1000.0
2000.0
1000.0
4000.0
4000.0
2000.0
7000.0
1000.0
1000.0
2000.0
1000.0
1000.0
1000.0
3000.0
2000.0
2000.0
1000.0
1000.0
1000.0
3000.0
1000.0
1000.0
1000.0
7000.0
1000.0
6000.0
1000.0
0.0
1000.0
2000.0
1000.0
1000.0
1000.0
1000.0
1000.0
1000.0
2000.0
1000.0
1000.0
2000.0
1000.0
1000.0
3000.0
2000.0
1000.0
1000.0
1000.0
1000.0
0.0
2000.0
1000.0
2000.0
1000.0
2000.0
1000.0
1000.0
1000.0
1000.0
1000.0
3000.0
1000.0
1000.0
5000.0
1000.0
2000.0
2000.0
1000.0
1000.0
1000.0
5000.0
1000.0
1000.0
1000.0
1000.0
1000.0
2000.0
1000.0
1000.0
2000.0
2000.0
1000.0
6000.0
1000.0
1000.0
1000.0
2000.0
2000.0
1000.0
2000.0
1000.0
2000.0
1000.0
1000.0
4000.0
3000.0
3000.0
1000.0
1000.0
1000.0
1000.0
1000.0
1000.0
1000.0
1000.0
1000.0
2000.0
1000.0
3000.0
7000.0
4000.0
1000.0
5000.0
1000.0
1000.0
1000.0
4000.0
2000.0
1000.0
2000.0
1000.0
4000.0
1000.0
1000.0
1000.0
1000.0
0.0
3000.0
3000.0
1000.0
1000.0
1000.0
1000.0
1000.0
1000.0
1000.0
3000.0
1000.0
1000.0
3000.0
2000.0
1000.0
2000.0
2000.0
1000.0
2000.0
2000.0
2000.0
2000.0
2000.0
2000.0
1000.0
2000.0
1000.0
2000.0
2000.0
3000.0
1000.0
2000.0
2000.0
1000.0
1000.0
4000.0
1000.0
1000.0
1000.0
2000.0
1000.0
3000.0
6000.0
1000.0
1000.0
1000.0
1000.0
3000.0
1000.0
2000.0
1000.0
1000.0
2000.0
4000.0
1000.0
1000.0
1000.0
4000.0
2000.0
3000.0
1000.0
6000.0
1000.0
1000.0
3000.0
1000.0
2000.0
2000.0
4000.0
2000.0
1000.0
4000.0
3000.0
1000.0
6000.0
1000.0
2000.0
1000.0
8000.0
1000.0
1000.0
1000.0
1000.0
2000.0
2000.0
2000.0
7000.0
2000.0
1000.0
1000.0
1000.0
6000.0
1000.0
2000.0
1000.0
1000.0
1000.0
5000.0
3000.0
2000.0
1000.0
4000.0
3000.0
1000.0
1000.0
1000.0
2000.0
1000.0
2000.0
3000.0
5000.0
1000.0
2000.0
4000.0
1000.0
1000.0
1000.0
2000.0
1000.0
1000.0
1000.0
1000.0
1000.0
1000.0
1000.0
2000.0
1000.0
4000.0
1000.0
1000.0
2000.0
1000.0
1000.0
2000.0
2000.0
1000.0
4000.0
2000.0
1000.0
1000.0
1000.0
1000.0
1000.0
2000.0
3000.0
2000.0
2000.0
2000.0
2000.0
2000.0
6000.0
1000.0
2000.0
2000.0
1000.0
2000.0
1000.0
4000.0
1000.0
1000.0
1000.0
1000.0
1000.0
1000.0
1000.0
1000.0
4000.0
1000.0
1000.0
2000.0
1000.0
5000.0
4000.0
1000.0
1000.0
1000.0
4000.0
1000.0
1000.0
1000.0
2000.0
3000.0
6000.0
1000.0
3000.0
2000.0
1000.0
1000.0
1000.0
2000.0
2000.0
1000.0
1000.0
1000.0
4000.0
2000.0
1000.0
1000.0
2000.0
4000.0
1000.0
2000.0
1000.0
3000.0
4000.0
2000.0
1000.0
1000.0
2000.0
1000.0
4000.0
1000.0
1000.0
1000.0
1000.0
3000.0
1000.0
2000.0
1000.0
1000.0
4000.0
2000.0
6000.0
2000.0
3000.0
1000.0
1000.0
1000.0
1000.0
3000.0
1000.0
2000.0
4000.0
1000.0
1000.0
0.0
4000.0
1000.0
1000.0
2000.0
2000.0
4000.0
1000.0
1000.0
1000.0
1000.0
1000.0
5000.0
8000.0
1000.0
6000.0
1000.0
1000.0
3000.0
1000.0
1000.0
1000.0
1000.0
1000.0
2000.0
8000.0
0.0
2000.0
2000.0
1000.0
2000.0
1000.0
1000.0
2000.0
2000.0
3000.0
0.0
1000.0
1000.0
1000.0
2000.0
1000.0
1000.0
1000.0
1000.0
1000.0
1000.0
2000.0
1000.0
1000.0
2000.0
1000.0
1000.0
1000.0
1000.0
1000.0
1000.0
2000.0
2000.0
1000.0
4000.0
4000.0
2000.0
1000.0
1000.0
1000.0
2000.0
1000.0
1000.0
1000.0
1000.0
2000.0
2000.0
1000.0
1000.0
1000.0
2000.0
1000.0
1000.0
1000.0
3000.0
1000.0
2000.0
2000.0
1000.0
1000.0
1000.0
1000.0
1000.0
1000.0
2000.0
1000.0
1000.0
2000.0
1000.0
1000.0
1000.0
4000.0
1000.0
4000.0
1000.0
1000.0
1000.0
1000.0
1000.0
1000.0
3000.0
3000.0
2000.0
2000.0
1000.0
5000.0
1000.0
1000.0
1000.0
5000.0
1000.0
1000.0
1000.0
2000.0
3000.0
1000.0
1000.0
3000.0
1000.0
1000.0
1000.0
3000.0
1000.0
1000.0
3000.0
1000.0
1000.0
1000.0
5000.0
1000.0
1000.0
2000.0
1000.0
1000.0
1000.0
2000.0
1000.0
1000.0
2000.0
1000.0
1000.0
1000.0
1000.0
2000.0
1000.0
1000.0
1000.0
2000.0
2000.0
1000.0
1000.0
2000.0
1000.0
1000.0
3000.0
2000.0
1000.0
2000.0
1000.0
0.0
2000.0
1000.0
3000.0
2000.0
6000.0
1000.0
2000.0
1000.0
1000.0
1000.0
6000.0
3000.0
0.0
1000.0
1000.0
1000.0
4000.0
5000.0
2000.0
2000.0
2000.0
1000.0
7000.0
1000.0
1000.0
1000.0
1000.0
1000.0
1000.0
2000.0
1000.0
1000.0
2000.0
1000.0
1000.0
2000.0
3000.0
1000.0
1000.0
7000.0
1000.0
2000.0
1000.0
5000.0
1000.0
1000.0
2000.0
1000.0
2000.0
2000.0
2000.0
1000.0
2000.0
2000.0
1000.0
3000.0
1000.0
2000.0
1000.0
1000.0
4000.0
2000.0
1000.0
1000.0
2000.0
1000.0
4000.0
1000.0
1000.0
1000.0
1000.0
1000.0
1000.0
1000.0
1000.0
1000.0
1000.0
2000.0
2000.0
1000.0
1000.0
1000.0
1000.0
1000.0
5000.0
1000.0
5000.0
4000.0
1000.0
4000.0
1000.0
1000.0
1000.0
1000.0
1000.0
2000.0
1000.0
4000.0
1000.0
1000.0
1000.0
1000.0
2000.0
0.0
2000.0
1000.0
4000.0
1000.0
2000.0
1000.0
1000.0
1000.0
2000.0
3000.0
1000.0
1000.0
3000.0
1000.0
3000.0
1000.0
1000.0
4000.0
1000.0
1000.0
2000.0
1000.0
1000.0
1000.0
1000.0
1000.0
6000.0
1000.0
3000.0
2000.0
2000.0
1000.0
1000.0
4000.0
2000.0
1000.0
1000.0
3000.0
4000.0
1000.0
3000.0
2000.0
2000.0
1000.0
1000.0
4000.0
1000.0
1000.0
1000.0
1000.0
1000.0
4000.0
3000.0
1000.0
1000.0
1000.0
3000.0
2000.0
3000.0
1000.0
1000.0
1000.0
1000.0
1000.0
1000.0
5000.0
1000.0
3000.0
1000.0
3000.0
1000.0
1000.0
1000.0
1000.0
8000.0
1000.0
3000.0
4000.0
3000.0
2000.0
1000.0
1000.0
1000.0
1000.0
3000.0
1000.0
2000.0
1000.0
2000.0
1000.0
2000.0
1000.0
1000.0
1000.0
2000.0
1000.0
1000.0
1000.0
2000.0
1000.0
1000.0
1000.0
7000.0
3000.0
1000.0
1000.0
1000.0
1000.0
1000.0
3000.0
4000.0
1000.0
5000.0
4000.0
1000.0
1000.0
1000.0
6000.0
3000.0
1000.0
1000.0
4000.0
1000.0
1000.0
3000.0
1000.0
2000.0
1000.0
7000.0
2000.0
3000.0
1000.0
1000.0
3000.0
1000.0
5000.0
1000.0
1000.0
1000.0
1000.0
1000.0
1000.0
4000.0
1000.0
1000.0
2000.0
1000.0
1000.0
1000.0
1000.0
2000.0
1000.0
1000.0
0.0
1000.0
4000.0
1000.0
1000.0
1000.0
2000.0
1000.0
4000.0
3000.0
2000.0
3000.0
2000.0
1000.0
1000.0
2000.0
1000.0
1000.0
1000.0
1000.0
1000.0
2000.0
1000.0
1000.0
2000.0
4000.0
1000.0
1000.0
1000.0
1000.0
2000.0
3000.0
1000.0
1000.0
0.0
1000.0
1000.0
1000.0
1000.0
4000.0
3000.0
1000.0
1000.0
3000.0
1000.0
2000.0
2000.0
1000.0
2000.0
1000.0
1000.0
1000.0
1000.0
1000.0
2000.0
1000.0
1000.0
2000.0
1000.0
1000.0
1000.0
1000.0
1000.0
1000.0
1000.0
2000.0
3000.0
2000.0
1000.0
1000.0
2000.0
1000.0
1000.0
1000.0
1000.0
2000.0
1000.0
1000.0
1000.0
1000.0
6000.0
1000.0
2000.0
4000.0
1000.0
2000.0
2000.0
3000.0
4000.0
1000.0
1000.0
1000.0
1000.0
1000.0
1000.0
1000.0
2000.0
1000.0
1000.0
5000.0
1000.0
1000.0
2000.0
1000.0
1000.0
1000.0
1000.0
4000.0
4000.0
1000.0
1000.0
1000.0
3000.0
1000.0
1000.0
1000.0
1000.0
1000.0
2000.0
1000.0
1000.0
1000.0
1000.0
1000.0
1000.0
1000.0
3000.0
3000.0
1000.0
3000.0
2000.0
1000.0
1000.0
3000.0
3000.0
1000.0
2000.0
1000.0
1000.0
2000.0
2000.0
1000.0
2000.0
1000.0
1000.0
4000.0
1000.0
1000.0
3000.0
1000.0
1000.0
1000.0
1000.0
1000.0
1000.0
1000.0
1000.0
2000.0
1000.0
1000.0
4000.0
1000.0
1000.0
2000.0
2000.0
5000.0
1000.0
1000.0
1000.0
1000.0
1000.0
1000.0
5000.0
1000.0
1000.0
1000.0
1000.0
3000.0
1000.0
5000.0
2000.0
2000.0
1000.0
1000.0
1000.0
0.0
1000.0
2000.0
2000.0
2000.0
1000.0
1000.0
2000.0
1000.0
1000.0
1000.0
2000.0
3000.0
1000.0
1000.0
1000.0
1000.0
2000.0
1000.0
3000.0
1000.0
2000.0
1000.0
1000.0
1000.0
1000.0
1000.0
1000.0
2000.0
2000.0
2000.0
1000.0
1000.0
2000.0
2000.0
1000.0
1000.0
1000.0
6000.0
5000.0
2000.0
1000.0
1000.0
1000.0
2000.0
2000.0
3000.0
1000.0
1000.0
4000.0
1000.0
1000.0
1000.0
1000.0
2000.0
1000.0
1000.0
1000.0
1000.0
1000.0
2000.0
4000.0
1000.0
1000.0
2000.0
1000.0
1000.0
1000.0
1000.0
2000.0
1000.0
1000.0
1000.0
1000.0
3000.0
1000.0
1000.0
1000.0
1000.0
1000.0
2000.0
2000.0
1000.0
1000.0
1000.0
3000.0
1000.0
1000.0
1000.0
4000.0
1000.0
1000.0
3000.0
3000.0
1000.0
4000.0
3000.0
6000.0
1000.0
3000.0
2000.0
1000.0
1000.0
2000.0
2000.0
1000.0
1000.0
2000.0
2000.0
1000.0
4000.0
1000.0
1000.0
3000.0
2000.0
1000.0
1000.0
1000.0
1000.0
3000.0
1000.0
2000.0
1000.0
1000.0
1000.0
1000.0
1000.0
1000.0
1000.0
4000.0
2000.0
2000.0
1000.0
4000.0
1000.0
1000.0
1000.0
3000.0
2000.0
2000.0
5000.0
3000.0
1000.0
1000.0
1000.0
2000.0
2000.0
1000.0
1000.0
4000.0
1000.0
3000.0
1000.0
1000.0
3000.0
1000.0
2000.0
1000.0
1000.0
1000.0
2000.0
1000.0
5000.0
1000.0
2000.0
2000.0
2000.0
3000.0
1000.0
1000.0
2000.0
2000.0
1000.0
3000.0
8000.0
1000.0
3000.0
3000.0
1000.0
3000.0
1000.0
1000.0
3000.0
1000.0
2000.0
2000.0
1000.0
1000.0
1000.0
3000.0
8000.0
1000.0
5000.0
1000.0
1000.0
1000.0
1000.0
1000.0
1000.0
1000.0
2000.0
1000.0
1000.0
1000.0
1000.0
1000.0
1000.0
1000.0
1000.0
1000.0
1000.0
3000.0
0.0
3000.0
1000.0
1000.0
1000.0
6000.0
1000.0
1000.0
1000.0
5000.0
1000.0
1000.0
1000.0
2000.0
3000.0
2000.0
1000.0
1000.0
1000.0
2000.0
1000.0
1000.0
2000.0
1000.0
2000.0
1000.0
1000.0
1000.0
1000.0
1000.0
1000.0
1000.0
6000.0
1000.0
2000.0
1000.0
1000.0
1000.0
1000.0
1000.0
1000.0
1000.0
1000.0
1000.0
1000.0
1000.0
1000.0
1000.0
1000.0
1000.0
1000.0
1000.0
1000.0
1000.0
1000.0
1000.0
1000.0
1000.0
4000.0
3000.0
1000.0
1000.0
1000.0
1000.0
1000.0
1000.0
1000.0
2000.0
2000.0
1000.0
2000.0
1000.0
3000.0
1000.0
1000.0
1000.0
1000.0
1000.0
1000.0
2000.0
2000.0
2000.0
1000.0
1000.0
1000.0
1000.0
1000.0
1000.0
1000.0
1000.0
1000.0
2000.0
1000.0
2000.0
1000.0
5000.0
2000.0
3000.0
1000.0
1000.0
1000.0
1000.0
2000.0
1000.0
1000.0
2000.0
1000.0
1000.0
1000.0
2000.0
1000.0
3000.0
2000.0
1000.0
4000.0
1000.0
1000.0
1000.0
1000.0
1000.0
1000.0
2000.0
1000.0
2000.0
1000.0
1000.0
1000.0
4000.0
1000.0
1000.0
2000.0
1000.0
1000.0
1000.0
1000.0
1000.0
1000.0
1000.0
1000.0
1000.0
1000.0
1000.0
1000.0
1000.0
1000.0
2000.0
1000.0
1000.0
1000.0
3000.0
1000.0
1000.0
2000.0
1000.0
3000.0
1000.0
1000.0
2000.0
1000.0
1000.0
1000.0
1000.0
1000.0
1000.0
1000.0
1000.0
1000.0
1000.0
1000.0
1000.0
1000.0
1000.0
1000.0
1000.0
2000.0
1000.0
1000.0
1000.0
4000.0
1000.0
1000.0
2000.0
2000.0
3000.0
4000.0
1000.0
4000.0
1000.0
1000.0
1000.0
1000.0
2000.0
1000.0
1000.0
1000.0
1000.0
1000.0
1000.0
1000.0
1000.0
2000.0
1000.0
1000.0
1000.0
6000.0
5000.0
3000.0
2000.0
1000.0
1000.0
1000.0
2000.0
1000.0
2000.0
1000.0
1000.0
1000.0
2000.0
2000.0
1000.0
1000.0
1000.0
2000.0
1000.0
1000.0
1000.0
2000.0
1000.0
1000.0
1000.0
1000.0
2000.0
1000.0
1000.0
1000.0
1000.0
1000.0
1000.0
2000.0
1000.0
3000.0
1000.0
2000.0
2000.0
3000.0
2000.0
1000.0
2000.0
1000.0
1000.0
1000.0
2000.0
7000.0
1000.0
1000.0
1000.0
2000.0
1000.0
1000.0
1000.0
1000.0
2000.0
1000.0
2000.0
1000.0
1000.0
2000.0
1000.0
1000.0
1000.0
1000.0
1000.0
4000.0
1000.0
1000.0
1000.0
1000.0
2000.0
2000.0
3000.0
2000.0
1000.0
1000.0
3000.0
2000.0
4000.0
1000.0
4000.0
1000.0
3000.0
1000.0
1000.0
1000.0
1000.0
1000.0
1000.0
1000.0
1000.0
1000.0
2000.0
1000.0
1000.0
1000.0
1000.0
1000.0
1000.0
1000.0
4000.0
2000.0
1000.0
2000.0
1000.0
1000.0
0.0
1000.0
1000.0
4000.0
1000.0
1000.0
1000.0
3000.0
1000.0
2000.0
5000.0
2000.0
1000.0
1000.0
1000.0
1000.0
1000.0
1000.0
1000.0
1000.0
2000.0
1000.0
2000.0
1000.0
2000.0
1000.0
1000.0
2000.0
1000.0
1000.0
1000.0
1000.0
4000.0
1000.0
3000.0
3000.0
1000.0
1000.0
2000.0
1000.0
1000.0
2000.0
1000.0
1000.0
1000.0
1000.0
1000.0
1000.0
1000.0
1000.0
2000.0
1000.0
1000.0
1000.0
3000.0
3000.0
1000.0
1000.0
1000.0
1000.0
1000.0
2000.0
1000.0
1000.0
1000.0
1000.0
1000.0
3000.0
1000.0
1000.0
6000.0
1000.0
1000.0
6000.0
2000.0
1000.0
1000.0
1000.0
4000.0
2000.0
1000.0
1000.0
1000.0
1000.0
1000.0
1000.0
1000.0
1000.0
1000.0
1000.0
1000.0
1000.0
2000.0
2000.0
2000.0
0.0
0.0
2000.0
1000.0
1000.0
1000.0
1000.0
2000.0
3000.0
2000.0
1000.0
4000.0
2000.0
2000.0
1000.0
4000.0
1000.0
2000.0
3000.0
1000.0
1000.0
1000.0
1000.0
1000.0
1000.0
1000.0
1000.0
2000.0
1000.0
1000.0
1000.0
2000.0
1000.0
1000.0
2000.0
5000.0
1000.0
3000.0
1000.0
2000.0
3000.0
1000.0
1000.0
1000.0
1000.0
1000.0
1000.0
2000.0
2000.0
2000.0
1000.0
2000.0
1000.0
1000.0
1000.0
1000.0
1000.0
1000.0
2000.0
1000.0
4000.0
3000.0
1000.0
1000.0
1000.0
1000.0
2000.0
1000.0
1000.0
1000.0
8000.0
1000.0
1000.0
1000.0
3000.0
1000.0
2000.0
1000.0
1000.0
1000.0
1000.0
1000.0
1000.0
5000.0
1000.0
1000.0
1000.0
1000.0
1000.0
4000.0
3000.0
1000.0
1000.0
1000.0
1000.0
1000.0
6000.0
2000.0
1000.0
1000.0
1000.0
1000.0
1000.0
1000.0
1000.0
5000.0
1000.0
1000.0
1000.0
1000.0
1000.0
2000.0
3000.0
2000.0
1000.0
1000.0
1000.0
5000.0
1000.0
3000.0
2000.0
1000.0
1000.0
1000.0
1000.0
1000.0
1000.0
1000.0
1000.0
1000.0
3000.0
1000.0
4000.0
3000.0
1000.0
2000.0
1000.0
1000.0
1000.0
1000.0
1000.0
1000.0
2000.0
1000.0
2000.0
1000.0
3000.0
1000.0
1000.0
4000.0
2000.0
1000.0
4000.0
3000.0
1000.0
2000.0
1000.0
1000.0
1000.0
1000.0
1000.0
1000.0
1000.0
1000.0
1000.0
1000.0
1000.0
2000.0
1000.0
1000.0
1000.0
4000.0
1000.0
1000.0
1000.0
1000.0
2000.0
1000.0
1000.0
1000.0
1000.0
1000.0
1000.0
1000.0
1000.0
2000.0
1000.0
1000.0
3000.0
1000.0
1000.0
1000.0
1000.0
1000.0
2000.0
1000.0
1000.0
1000.0
1000.0
1000.0
1000.0
1000.0
1000.0
1000.0
1000.0
1000.0
4000.0
1000.0
1000.0
1000.0
1000.0
1000.0
2000.0
1000.0
1000.0
1000.0
1000.0
2000.0
1000.0
1000.0
2000.0
1000.0
2000.0
2000.0
1000.0
4000.0
2000.0
1000.0
1000.0
1000.0
1000.0
1000.0
2000.0
1000.0
1000.0
1000.0
3000.0
1000.0
2000.0
1000.0
2000.0
1000.0
1000.0
1000.0
1000.0
1000.0
1000.0
1000.0
1000.0
1000.0
1000.0
1000.0
3000.0
1000.0
1000.0
1000.0
1000.0
0.0
3000.0
1000.0
1000.0
2000.0
1000.0
1000.0
1000.0
5000.0
1000.0
2000.0
1000.0
1000.0
1000.0
1000.0
1000.0
1000.0
4000.0
1000.0
1000.0
3000.0
2000.0
2000.0
1000.0
1000.0
1000.0
1000.0
2000.0
1000.0
2000.0
2000.0
1000.0
1000.0
1000.0
1000.0
1000.0
1000.0
1000.0
1000.0
1000.0
1000.0
1000.0
1000.0
1000.0
1000.0
5000.0
1000.0
1000.0
1000.0
1000.0
1000.0
1000.0
1000.0
1000.0
0.0
0.0
1000.0
2000.0
1000.0
1000.0
1000.0
1000.0
1000.0
1000.0
1000.0
1000.0
1000.0
1000.0
1000.0
1000.0
1000.0
3000.0
1000.0
1000.0
1000.0
1000.0
1000.0
1000.0
3000.0
1000.0
2000.0
1000.0
1000.0
1000.0
1000.0
1000.0
1000.0
3000.0
2000.0
1000.0
1000.0
2000.0
1000.0
1000.0
1000.0
1000.0
1000.0
1000.0
2000.0
1000.0
1000.0
1000.0
1000.0
1000.0
1000.0
1000.0
1000.0
1000.0
1000.0
3000.0
1000.0
1000.0
3000.0
1000.0
1000.0
1000.0
1000.0
1000.0
2000.0
2000.0
3000.0
1000.0
1000.0
1000.0
1000.0
1000.0
1000.0
1000.0
1000.0
2000.0
1000.0
1000.0
1000.0
1000.0
1000.0
1000.0
2000.0
1000.0
1000.0
1000.0
1000.0
1000.0
1000.0
1000.0
1000.0
2000.0
1000.0
1000.0
1000.0
1000.0
0.0
1000.0
1000.0
1000.0
1000.0
1000.0
1000.0
1000.0
1000.0
2000.0
1000.0
1000.0
2000.0
1000.0
1000.0
1000.0
1000.0
1000.0
1000.0
1000.0
1000.0
1000.0
1000.0
2000.0
4000.0
1000.0
2000.0
1000.0
1000.0
1000.0
1000.0
1000.0
1000.0
1000.0
1000.0
1000.0
1000.0
1000.0
1000.0
3000.0
1000.0
1000.0
1000.0
1000.0
1000.0
1000.0
1000.0
1000.0
1000.0
1000.0
1000.0
3000.0
1000.0
1000.0
1000.0
2000.0
1000.0
1000.0
1000.0
1000.0
1000.0
4000.0
2000.0
3000.0
1000.0
1000.0
1000.0
1000.0
1000.0
1000.0
1000.0
2000.0
1000.0
1000.0
1000.0
1000.0
4000.0
1000.0
2000.0
1000.0
1000.0
1000.0
1000.0
1000.0
1000.0
1000.0
1000.0
1000.0
1000.0
1000.0
1000.0
1000.0
2000.0
1000.0
1000.0
1000.0
1000.0
1000.0
1000.0
1000.0
2000.0
3000.0
1000.0
1000.0
1000.0
1000.0
1000.0
1000.0
1000.0
1000.0
1000.0
1000.0
1000.0
1000.0
1000.0
1000.0
1000.0
1000.0
1000.0
1000.0
1000.0
1000.0
1000.0
2000.0
1000.0
1000.0
1000.0
1000.0
1000.0
1000.0
1000.0
1000.0
1000.0
1000.0
2000.0
1000.0
1000.0
1000.0
1000.0
1000.0
2000.0
1000.0
1000.0
1000.0
1000.0
1000.0
3000.0
5000.0
1000.0
1000.0
1000.0
1000.0
1000.0
1000.0
1000.0
1000.0
1000.0
3000.0
3000.0
1000.0
1000.0
2000.0
1000.0
1000.0
1000.0
1000.0
1000.0
1000.0
2000.0
1000.0
4000.0
1000.0
1000.0
1000.0
1000.0
1000.0
2000.0
1000.0
2000.0
2000.0
1000.0
2000.0
1000.0
1000.0
1000.0
1000.0
1000.0
1000.0
1000.0
1000.0
2000.0
1000.0
1000.0
1000.0
1000.0
2000.0
2000.0
1000.0
1000.0
2000.0
1000.0
1000.0
2000.0
1000.0
2000.0
1000.0
1000.0
1000.0
1000.0
1000.0
1000.0
1000.0
1000.0
1000.0
1000.0
1000.0
1000.0
1000.0
1000.0
0.0
1000.0
1000.0
0.0
1000.0
3000.0
1000.0
1000.0
1000.0
2000.0
1000.0
2000.0
1000.0
1000.0
1000.0
1000.0
1000.0
1000.0
1000.0
1000.0
1000.0
1000.0
1000.0
1000.0
1000.0
0.0
1000.0
2000.0
1000.0
1000.0
2000.0
1000.0
1000.0
1000.0
2000.0
2000.0
1000.0
1000.0
1000.0
1000.0
1000.0
1000.0
1000.0
1000.0
1000.0
1000.0
1000.0
1000.0
1000.0
1000.0
1000.0
1000.0
1000.0
1000.0
1000.0
1000.0
1000.0
1000.0
1000.0
2000.0
2000.0
1000.0
1000.0
1000.0
1000.0
1000.0
1000.0
1000.0
1000.0
1000.0
1000.0
1000.0
1000.0
1000.0
1000.0
1000.0
2000.0
1000.0
1000.0
1000.0
1000.0
1000.0
0.0
1000.0
1000.0
1000.0
1000.0
1000.0
1000.0
1000.0
1000.0
2000.0
2000.0
1000.0
1000.0
1000.0
1000.0
1000.0
1000.0
1000.0
1000.0
1000.0
1000.0
1000.0
1000.0
1000.0
1000.0
1000.0
1000.0
1000.0
1000.0
1000.0
1000.0
1000.0
1000.0
2000.0
1000.0
4000.0
1000.0
1000.0
1000.0
1000.0
2000.0
1000.0
1000.0
1000.0
1000.0
1000.0
1000.0
1000.0
1000.0
1000.0
1000.0
2000.0
1000.0
2000.0
5000.0
1000.0
1000.0
1000.0
1000.0
2000.0
1000.0
1000.0
1000.0
1000.0
1000.0
1000.0
1000.0
1000.0
1000.0
1000.0
1000.0
1000.0
1000.0
1000.0
1000.0
1000.0
1000.0
1000.0
1000.0
1000.0
1000.0
1000.0
1000.0
1000.0
1000.0
1000.0
1000.0
1000.0
1000.0
1000.0
1000.0
1000.0
1000.0
1000.0
1000.0
1000.0
3000.0
1000.0
1000.0
1000.0
2000.0
1000.0
1000.0
1000.0
1000.0
1000.0
1000.0
1000.0
3000.0
1000.0
1000.0
2000.0
1000.0
1000.0
1000.0
1000.0
1000.0
1000.0
1000.0
1000.0
1000.0
1000.0
1000.0
1000.0
2000.0
1000.0
1000.0
1000.0
1000.0
1000.0
2000.0
1000.0
1000.0
1000.0
1000.0
1000.0
1000.0
1000.0
1000.0
1000.0
1000.0
1000.0
1000.0
1000.0
1000.0
1000.0
1000.0
1000.0
1000.0
1000.0
1000.0
1000.0
1000.0
1000.0
1000.0
1000.0
1000.0
1000.0
1000.0
1000.0
1000.0
1000.0
1000.0
1000.0
1000.0
1000.0
1000.0
1000.0
1000.0
1000.0
1000.0
2000.0
1000.0
1000.0
1000.0
1000.0
1000.0
1000.0
1000.0
1000.0
1000.0
1000.0
1000.0
1000.0
1000.0
1000.0
3000.0
1000.0
1000.0
1000.0
1000.0
2000.0
1000.0
1000.0
1000.0
1000.0
1000.0
1000.0
1000.0
1000.0
1000.0
1000.0
1000.0
1000.0
1000.0
1000.0
1000.0
1000.0
1000.0
1000.0
1000.0
1000.0
1000.0
1000.0
1000.0
1000.0
1000.0
1000.0
2000.0
1000.0
1000.0
1000.0
1000.0
1000.0
1000.0
1000.0
1000.0
1000.0
1000.0
1000.0
1000.0
1000.0
1000.0
1000.0
1000.0
1000.0
1000.0
1000.0
1000.0
1000.0
1000.0
1000.0
1000.0
1000.0
1000.0
1000.0
1000.0
1000.0
2000.0
1000.0
1000.0
1000.0
1000.0
1000.0
1000.0
1000.0
1000.0
1000.0
1000.0
1000.0
1000.0
1000.0
1000.0
1000.0
1000.0
1000.0
1000.0
2000.0
1000.0
1000.0
1000.0
1000.0
1000.0
1000.0
1000.0
2000.0
1000.0
1000.0
1000.0
1000.0
1000.0
1000.0
1000.0
1000.0
1000.0
1000.0
1000.0
1000.0
1000.0
1000.0
2000.0
2000.0
1000.0
1000.0
1000.0
1000.0
1000.0
1000.0
1000.0
1000.0
1000.0
1000.0
1000.0
1000.0
1000.0
1000.0
1000.0
2000.0
1000.0
1000.0
1000.0
1000.0
1000.0
1000.0
1000.0
1000.0
1000.0
1000.0
1000.0
1000.0
1000.0
1000.0
3000.0
1000.0
1000.0
1000.0
1000.0
4000.0
1000.0
1000.0
1000.0
1000.0
1000.0
1000.0
1000.0
1000.0
1000.0
1000.0
1000.0
1000.0
1000.0
1000.0
1000.0
1000.0
1000.0
1000.0
1000.0
1000.0
1000.0
1000.0
1000.0
1000.0
1000.0
1000.0
1000.0
1000.0
1000.0
1000.0
1000.0
1000.0
1000.0
2000.0
1000.0
1000.0
1000.0
1000.0
1000.0
1000.0
1000.0
1000.0
1000.0
2000.0
1000.0
1000.0
1000.0
1000.0
1000.0
1000.0
1000.0
1000.0
1000.0
2000.0
1000.0
1000.0
1000.0
1000.0
1000.0
2000.0
1000.0
2000.0
1000.0
1000.0
1000.0
1000.0
1000.0
1000.0
1000.0
1000.0
1000.0
1000.0
1000.0
1000.0
1000.0
1000.0
1000.0
1000.0
1000.0
1000.0
1000.0
1000.0
1000.0
1000.0
2000.0
1000.0
1000.0
1000.0
1000.0
1000.0
1000.0
1000.0
1000.0
1000.0
1000.0
1000.0
1000.0
1000.0
9.58E7
]]></system-out>
  <system-err><![CDATA[]]></system-err>
</testsuite>
